{"/Users/pamelaagustinhernandez/Desktop/CHECK EAT/check-eat-partner-api/src/core/arch/mapper/base.mapper.ts": {"path":"/Users/pamelaagustinhernandez/Desktop/CHECK EAT/check-eat-partner-api/src/core/arch/mapper/base.mapper.ts","statementMap":{"0":{"start":{"line":1,"column":0},"end":{"line":1,"column":22}}},"fnMap":{},"branchMap":{},"s":{"0":15},"f":{},"b":{}}
,"/Users/pamelaagustinhernandez/Desktop/CHECK EAT/check-eat-partner-api/src/core/crypto/cipher.crypto.ts": {"path":"/Users/pamelaagustinhernandez/Desktop/CHECK EAT/check-eat-partner-api/src/core/crypto/cipher.crypto.ts","statementMap":{"0":{"start":{"line":2,"column":0},"end":{"line":2,"column":33}},"1":{"start":{"line":3,"column":0},"end":{"line":3,"column":39}},"2":{"start":{"line":6,"column":7},"end":{"line":52,"column":null}},"3":{"start":{"line":8,"column":19},"end":{"line":8,"column":55}},"4":{"start":{"line":9,"column":17},"end":{"line":11,"column":null}},"5":{"start":{"line":13,"column":16},"end":{"line":13,"column":69}},"6":{"start":{"line":15,"column":22},"end":{"line":15,"column":35}},"7":{"start":{"line":16,"column":15},"end":{"line":18,"column":null}},"8":{"start":{"line":21,"column":19},"end":{"line":21,"column":60}},"9":{"start":{"line":23,"column":28},"end":{"line":23,"column":64}},"10":{"start":{"line":24,"column":4},"end":{"line":24,"column":37}},"11":{"start":{"line":26,"column":4},"end":{"line":26,"column":21}},"12":{"start":{"line":30,"column":4},"end":{"line":50,"column":5}},"13":{"start":{"line":31,"column":21},"end":{"line":31,"column":57}},"14":{"start":{"line":32,"column":19},"end":{"line":32,"column":70}},"15":{"start":{"line":33,"column":18},"end":{"line":33,"column":71}},"16":{"start":{"line":35,"column":24},"end":{"line":35,"column":37}},"17":{"start":{"line":36,"column":17},"end":{"line":38,"column":null}},"18":{"start":{"line":41,"column":23},"end":{"line":41,"column":66}},"19":{"start":{"line":43,"column":22},"end":{"line":43,"column":60}},"20":{"start":{"line":44,"column":6},"end":{"line":44,"column":42}},"21":{"start":{"line":46,"column":6},"end":{"line":46,"column":23}},"22":{"start":{"line":48,"column":6},"end":{"line":48,"column":55}},"23":{"start":{"line":49,"column":6},"end":{"line":49,"column":18}},"24":{"start":{"line":6,"column":13},"end":{"line":6,"column":33}},"25":{"start":{"line":6,"column":13},"end":{"line":52,"column":null}}},"fnMap":{"0":{"name":"(anonymous_7)","decl":{"start":{"line":7,"column":2},"end":{"line":7,"column":9}},"loc":{"start":{"line":7,"column":24},"end":{"line":27,"column":3}}},"1":{"name":"(anonymous_8)","decl":{"start":{"line":29,"column":2},"end":{"line":29,"column":9}},"loc":{"start":{"line":29,"column":24},"end":{"line":51,"column":3}}}},"branchMap":{"0":{"loc":{"start":{"line":8,"column":19},"end":{"line":8,"column":55}},"type":"binary-expr","locations":[{"start":{"line":8,"column":19},"end":{"line":8,"column":43}},{"start":{"line":8,"column":47},"end":{"line":8,"column":55}}]},"1":{"loc":{"start":{"line":10,"column":6},"end":{"line":10,"column":57}},"type":"binary-expr","locations":[{"start":{"line":10,"column":6},"end":{"line":10,"column":35}},{"start":{"line":10,"column":39},"end":{"line":10,"column":57}}]},"2":{"loc":{"start":{"line":17,"column":6},"end":{"line":17,"column":57}},"type":"binary-expr","locations":[{"start":{"line":17,"column":6},"end":{"line":17,"column":35}},{"start":{"line":17,"column":39},"end":{"line":17,"column":57}}]},"3":{"loc":{"start":{"line":31,"column":21},"end":{"line":31,"column":57}},"type":"binary-expr","locations":[{"start":{"line":31,"column":21},"end":{"line":31,"column":45}},{"start":{"line":31,"column":49},"end":{"line":31,"column":57}}]},"4":{"loc":{"start":{"line":32,"column":19},"end":{"line":32,"column":70}},"type":"binary-expr","locations":[{"start":{"line":32,"column":19},"end":{"line":32,"column":48}},{"start":{"line":32,"column":52},"end":{"line":32,"column":70}}]},"5":{"loc":{"start":{"line":37,"column":8},"end":{"line":37,"column":59}},"type":"binary-expr","locations":[{"start":{"line":37,"column":8},"end":{"line":37,"column":37}},{"start":{"line":37,"column":41},"end":{"line":37,"column":59}}]}},"s":{"0":1,"1":1,"2":1,"3":0,"4":0,"5":0,"6":0,"7":0,"8":0,"9":0,"10":0,"11":0,"12":0,"13":0,"14":0,"15":0,"16":0,"17":0,"18":0,"19":0,"20":0,"21":0,"22":0,"23":0,"24":1,"25":1},"f":{"0":0,"1":0},"b":{"0":[0,0],"1":[0,0],"2":[0,0],"3":[0,0],"4":[0,0],"5":[0,0]}}
,"/Users/pamelaagustinhernandez/Desktop/CHECK EAT/check-eat-partner-api/src/core/token/tokens.ts": {"path":"/Users/pamelaagustinhernandez/Desktop/CHECK EAT/check-eat-partner-api/src/core/token/tokens.ts","statementMap":{"0":{"start":{"line":1,"column":0},"end":{"line":1,"column":39}},"1":{"start":{"line":3,"column":0},"end":{"line":3,"column":31}},"2":{"start":{"line":6,"column":7},"end":{"line":17,"column":null}},"3":{"start":{"line":8,"column":32},"end":{"line":13,"column":null}},"4":{"start":{"line":15,"column":4},"end":{"line":15,"column":24}},"5":{"start":{"line":6,"column":13},"end":{"line":6,"column":30}},"6":{"start":{"line":6,"column":13},"end":{"line":17,"column":null}}},"fnMap":{"0":{"name":"(anonymous_2)","decl":{"start":{"line":7,"column":2},"end":{"line":7,"column":17}},"loc":{"start":{"line":7,"column":43},"end":{"line":16,"column":3}}}},"branchMap":{},"s":{"0":1,"1":1,"2":1,"3":0,"4":0,"5":1,"6":1},"f":{"0":0},"b":{}}
,"/Users/pamelaagustinhernandez/Desktop/CHECK EAT/check-eat-partner-api/src/modules/auth/application/controller/auth.controller.ts": {"path":"/Users/pamelaagustinhernandez/Desktop/CHECK EAT/check-eat-partner-api/src/modules/auth/application/controller/auth.controller.ts","statementMap":{"0":{"start":{"line":1,"column":0},"end":{"line":1,"column":26}},"1":{"start":{"line":2,"column":0},"end":{"line":2,"column":28}},"2":{"start":{"line":4,"column":0},"end":{"line":4,"column":47}},"3":{"start":{"line":7,"column":0},"end":{"line":7,"column":59}},"4":{"start":{"line":13,"column":7},"end":{"line":134,"column":null}},"5":{"start":{"line":16,"column":12},"end":{"line":16,"column":39}},"6":{"start":{"line":18,"column":12},"end":{"line":18,"column":53}},"7":{"start":{"line":20,"column":12},"end":{"line":20,"column":55}},"8":{"start":{"line":24,"column":32},"end":{"line":24,"column":40}},"9":{"start":{"line":26,"column":31},"end":{"line":29,"column":6}},"10":{"start":{"line":31,"column":4},"end":{"line":76,"column":5}},"11":{"start":{"line":32,"column":24},"end":{"line":32,"column":55}},"12":{"start":{"line":34,"column":6},"end":{"line":38,"column":7}},"13":{"start":{"line":35,"column":8},"end":{"line":35,"column":66}},"14":{"start":{"line":36,"column":8},"end":{"line":36,"column":29}},"15":{"start":{"line":37,"column":8},"end":{"line":37,"column":15}},"16":{"start":{"line":40,"column":20},"end":{"line":40,"column":57}},"17":{"start":{"line":42,"column":6},"end":{"line":45,"column":7}},"18":{"start":{"line":43,"column":8},"end":{"line":43,"column":65}},"19":{"start":{"line":44,"column":8},"end":{"line":44,"column":15}},"20":{"start":{"line":47,"column":27},"end":{"line":47,"column":78}},"21":{"start":{"line":49,"column":6},"end":{"line":52,"column":7}},"22":{"start":{"line":50,"column":8},"end":{"line":50,"column":65}},"23":{"start":{"line":51,"column":8},"end":{"line":51,"column":15}},"24":{"start":{"line":54,"column":27},"end":{"line":54,"column":74}},"25":{"start":{"line":56,"column":27},"end":{"line":57,"column":null}},"26":{"start":{"line":60,"column":26},"end":{"line":62,"column":null}},"27":{"start":{"line":65,"column":23},"end":{"line":70,"column":8}},"28":{"start":{"line":72,"column":6},"end":{"line":72,"column":37}},"29":{"start":{"line":74,"column":6},"end":{"line":74,"column":27}},"30":{"start":{"line":75,"column":6},"end":{"line":75,"column":45}},"31":{"start":{"line":80,"column":4},"end":{"line":132,"column":5}},"32":{"start":{"line":81,"column":27},"end":{"line":81,"column":61}},"33":{"start":{"line":83,"column":6},"end":{"line":86,"column":7}},"34":{"start":{"line":84,"column":8},"end":{"line":84,"column":57}},"35":{"start":{"line":85,"column":8},"end":{"line":85,"column":15}},"36":{"start":{"line":88,"column":27},"end":{"line":88,"column":74}},"37":{"start":{"line":90,"column":6},"end":{"line":93,"column":7}},"38":{"start":{"line":91,"column":8},"end":{"line":91,"column":65}},"39":{"start":{"line":92,"column":8},"end":{"line":92,"column":15}},"40":{"start":{"line":95,"column":25},"end":{"line":95,"column":41}},"41":{"start":{"line":96,"column":18},"end":{"line":96,"column":28}},"42":{"start":{"line":98,"column":22},"end":{"line":98,"column":73}},"43":{"start":{"line":100,"column":6},"end":{"line":103,"column":7}},"44":{"start":{"line":101,"column":8},"end":{"line":101,"column":63}},"45":{"start":{"line":102,"column":8},"end":{"line":102,"column":15}},"46":{"start":{"line":105,"column":21},"end":{"line":106,"column":null}},"47":{"start":{"line":109,"column":19},"end":{"line":109,"column":56}},"48":{"start":{"line":111,"column":6},"end":{"line":114,"column":7}},"49":{"start":{"line":112,"column":8},"end":{"line":112,"column":63}},"50":{"start":{"line":113,"column":8},"end":{"line":113,"column":15}},"51":{"start":{"line":116,"column":29},"end":{"line":118,"column":null}},"52":{"start":{"line":121,"column":23},"end":{"line":126,"column":8}},"53":{"start":{"line":128,"column":6},"end":{"line":128,"column":37}},"54":{"start":{"line":130,"column":6},"end":{"line":130,"column":27}},"55":{"start":{"line":131,"column":6},"end":{"line":131,"column":63}},"56":{"start":{"line":13,"column":13},"end":{"line":13,"column":27}},"57":{"start":{"line":13,"column":13},"end":{"line":134,"column":null}}},"fnMap":{"0":{"name":"(anonymous_12)","decl":{"start":{"line":14,"column":2},"end":{"line":14,"column":null}},"loc":{"start":{"line":20,"column":55},"end":{"line":21,"column":6}}},"1":{"name":"(anonymous_13)","decl":{"start":{"line":23,"column":8},"end":{"line":23,"column":13}},"loc":{"start":{"line":23,"column":41},"end":{"line":77,"column":null}}},"2":{"name":"(anonymous_15)","decl":{"start":{"line":79,"column":8},"end":{"line":79,"column":17}},"loc":{"start":{"line":79,"column":45},"end":{"line":133,"column":null}}}},"branchMap":{"0":{"loc":{"start":{"line":34,"column":6},"end":{"line":38,"column":7}},"type":"if","locations":[{"start":{"line":34,"column":6},"end":{"line":38,"column":7}}]},"1":{"loc":{"start":{"line":42,"column":6},"end":{"line":45,"column":7}},"type":"if","locations":[{"start":{"line":42,"column":6},"end":{"line":45,"column":7}}]},"2":{"loc":{"start":{"line":49,"column":6},"end":{"line":52,"column":7}},"type":"if","locations":[{"start":{"line":49,"column":6},"end":{"line":52,"column":7}}]},"3":{"loc":{"start":{"line":83,"column":6},"end":{"line":86,"column":7}},"type":"if","locations":[{"start":{"line":83,"column":6},"end":{"line":86,"column":7}}]},"4":{"loc":{"start":{"line":90,"column":6},"end":{"line":93,"column":7}},"type":"if","locations":[{"start":{"line":90,"column":6},"end":{"line":93,"column":7}}]},"5":{"loc":{"start":{"line":100,"column":6},"end":{"line":103,"column":7}},"type":"if","locations":[{"start":{"line":100,"column":6},"end":{"line":103,"column":7}}]},"6":{"loc":{"start":{"line":111,"column":6},"end":{"line":114,"column":7}},"type":"if","locations":[{"start":{"line":111,"column":6},"end":{"line":114,"column":7}}]}},"s":{"0":1,"1":1,"2":1,"3":1,"4":1,"5":9,"6":9,"7":9,"8":5,"9":5,"10":5,"11":5,"12":5,"13":2,"14":2,"15":2,"16":3,"17":3,"18":1,"19":1,"20":2,"21":2,"22":1,"23":1,"24":1,"25":1,"26":1,"27":1,"28":1,"29":0,"30":0,"31":4,"32":4,"33":4,"34":1,"35":1,"36":3,"37":3,"38":1,"39":1,"40":2,"41":2,"42":2,"43":2,"44":1,"45":1,"46":1,"47":1,"48":1,"49":0,"50":0,"51":1,"52":1,"53":1,"54":0,"55":0,"56":1,"57":1},"f":{"0":9,"1":5,"2":4},"b":{"0":[2],"1":[1],"2":[1],"3":[1],"4":[1],"5":[1],"6":[0]}}
,"/Users/pamelaagustinhernandez/Desktop/CHECK EAT/check-eat-partner-api/src/modules/auth/application/controller/validator/auth.validator.ts": {"path":"/Users/pamelaagustinhernandez/Desktop/CHECK EAT/check-eat-partner-api/src/modules/auth/application/controller/validator/auth.validator.ts","statementMap":{"0":{"start":{"line":1,"column":0},"end":{"line":1,"column":22}},"1":{"start":{"line":3,"column":13},"end":{"line":6,"column":3}}},"fnMap":{},"branchMap":{},"s":{"0":1,"1":1},"f":{},"b":{}}
,"/Users/pamelaagustinhernandez/Desktop/CHECK EAT/check-eat-partner-api/src/modules/auth/application/di/auth.container.ts": {"path":"/Users/pamelaagustinhernandez/Desktop/CHECK EAT/check-eat-partner-api/src/modules/auth/application/di/auth.container.ts","statementMap":{"0":{"start":{"line":1,"column":0},"end":{"line":1,"column":26}},"1":{"start":{"line":2,"column":0},"end":{"line":2,"column":38}},"2":{"start":{"line":4,"column":0},"end":{"line":4,"column":71}},"3":{"start":{"line":6,"column":0},"end":{"line":6,"column":71}},"4":{"start":{"line":8,"column":0},"end":{"line":8,"column":63}},"5":{"start":{"line":10,"column":0},"end":{"line":10,"column":77}},"6":{"start":{"line":12,"column":0},"end":{"line":12,"column":66}},"7":{"start":{"line":14,"column":22},"end":{"line":14,"column":37}},"8":{"start":{"line":24,"column":9},"end":{"line":24,"column":22}},"9":{"start":{"line":16,"column":0},"end":{"line":16,"column":74}},"10":{"start":{"line":17,"column":0},"end":{"line":17,"column":74}},"11":{"start":{"line":18,"column":0},"end":{"line":18,"column":74}},"12":{"start":{"line":19,"column":0},"end":{"line":19,"column":80}},"13":{"start":{"line":20,"column":0},"end":{"line":22,"column":25}}},"fnMap":{},"branchMap":{},"s":{"0":1,"1":1,"2":1,"3":1,"4":1,"5":1,"6":1,"7":1,"8":1,"9":1,"10":1,"11":1,"12":1,"13":1},"f":{},"b":{}}
,"/Users/pamelaagustinhernandez/Desktop/CHECK EAT/check-eat-partner-api/src/modules/auth/data/datasource/auth.datasource.ts": {"path":"/Users/pamelaagustinhernandez/Desktop/CHECK EAT/check-eat-partner-api/src/modules/auth/data/datasource/auth.datasource.ts","statementMap":{"0":{"start":{"line":1,"column":0},"end":{"line":1,"column":26}},"1":{"start":{"line":2,"column":0},"end":{"line":2,"column":39}},"2":{"start":{"line":7,"column":0},"end":{"line":7,"column":57}},"3":{"start":{"line":8,"column":0},"end":{"line":8,"column":53}},"4":{"start":{"line":9,"column":0},"end":{"line":9,"column":49}},"5":{"start":{"line":10,"column":0},"end":{"line":10,"column":52}},"6":{"start":{"line":11,"column":0},"end":{"line":11,"column":33}},"7":{"start":{"line":14,"column":7},"end":{"line":80,"column":null}},"8":{"start":{"line":16,"column":18},"end":{"line":16,"column":56}},"9":{"start":{"line":18,"column":17},"end":{"line":22,"column":6}},"10":{"start":{"line":24,"column":18},"end":{"line":27,"column":6}},"11":{"start":{"line":29,"column":16},"end":{"line":31,"column":6}},"12":{"start":{"line":33,"column":24},"end":{"line":36,"column":null}},"13":{"start":{"line":39,"column":4},"end":{"line":41,"column":5}},"14":{"start":{"line":40,"column":6},"end":{"line":40,"column":55}},"15":{"start":{"line":43,"column":4},"end":{"line":43,"column":23}},"16":{"start":{"line":47,"column":20},"end":{"line":49,"column":6}},"17":{"start":{"line":51,"column":24},"end":{"line":51,"column":65}},"18":{"start":{"line":53,"column":4},"end":{"line":55,"column":5}},"19":{"start":{"line":54,"column":6},"end":{"line":54,"column":55}},"20":{"start":{"line":57,"column":4},"end":{"line":57,"column":23}},"21":{"start":{"line":61,"column":22},"end":{"line":61,"column":28}},"22":{"start":{"line":62,"column":22},"end":{"line":62,"column":79}},"23":{"start":{"line":64,"column":4},"end":{"line":66,"column":5}},"24":{"start":{"line":65,"column":6},"end":{"line":65,"column":55}},"25":{"start":{"line":68,"column":4},"end":{"line":68,"column":16}},"26":{"start":{"line":72,"column":22},"end":{"line":72,"column":64}},"27":{"start":{"line":74,"column":4},"end":{"line":76,"column":5}},"28":{"start":{"line":75,"column":6},"end":{"line":75,"column":55}},"29":{"start":{"line":78,"column":4},"end":{"line":78,"column":16}},"30":{"start":{"line":14,"column":13},"end":{"line":14,"column":27}},"31":{"start":{"line":14,"column":13},"end":{"line":80,"column":null}}},"fnMap":{"0":{"name":"(anonymous_15)","decl":{"start":{"line":15,"column":8},"end":{"line":15,"column":16}},"loc":{"start":{"line":15,"column":27},"end":{"line":44,"column":null}}},"1":{"name":"(anonymous_17)","decl":{"start":{"line":46,"column":8},"end":{"line":46,"column":19}},"loc":{"start":{"line":46,"column":40},"end":{"line":58,"column":null}}},"2":{"name":"(anonymous_19)","decl":{"start":{"line":60,"column":8},"end":{"line":60,"column":14}},"loc":{"start":{"line":60,"column":32},"end":{"line":69,"column":null}}},"3":{"name":"(anonymous_21)","decl":{"start":{"line":71,"column":8},"end":{"line":71,"column":15}},"loc":{"start":{"line":71,"column":28},"end":{"line":79,"column":null}}}},"branchMap":{"0":{"loc":{"start":{"line":39,"column":4},"end":{"line":41,"column":5}},"type":"if","locations":[{"start":{"line":39,"column":4},"end":{"line":41,"column":5}}]},"1":{"loc":{"start":{"line":53,"column":4},"end":{"line":55,"column":5}},"type":"if","locations":[{"start":{"line":53,"column":4},"end":{"line":55,"column":5}}]},"2":{"loc":{"start":{"line":64,"column":4},"end":{"line":66,"column":5}},"type":"if","locations":[{"start":{"line":64,"column":4},"end":{"line":66,"column":5}}]},"3":{"loc":{"start":{"line":74,"column":4},"end":{"line":76,"column":5}},"type":"if","locations":[{"start":{"line":74,"column":4},"end":{"line":76,"column":5}}]}},"s":{"0":1,"1":1,"2":1,"3":1,"4":1,"5":1,"6":1,"7":1,"8":0,"9":0,"10":0,"11":0,"12":0,"13":0,"14":0,"15":0,"16":0,"17":0,"18":0,"19":0,"20":0,"21":0,"22":0,"23":0,"24":0,"25":0,"26":0,"27":0,"28":0,"29":0,"30":1,"31":1},"f":{"0":0,"1":0,"2":0,"3":0},"b":{"0":[0],"1":[0],"2":[0],"3":[0]}}
,"/Users/pamelaagustinhernandez/Desktop/CHECK EAT/check-eat-partner-api/src/modules/auth/data/datasource/mapper/auth.mapper.ts": {"path":"/Users/pamelaagustinhernandez/Desktop/CHECK EAT/check-eat-partner-api/src/modules/auth/data/datasource/mapper/auth.mapper.ts","statementMap":{"0":{"start":{"line":2,"column":0},"end":{"line":2,"column":69}},"1":{"start":{"line":3,"column":0},"end":{"line":3,"column":71}},"2":{"start":{"line":4,"column":0},"end":{"line":4,"column":26}},"3":{"start":{"line":8,"column":4},"end":{"line":15,"column":7}},"4":{"start":{"line":19,"column":4},"end":{"line":27,"column":6}},"5":{"start":{"line":31,"column":22},"end":{"line":31,"column":41}},"6":{"start":{"line":32,"column":0},"end":{"line":32,"column":29}}},"fnMap":{"0":{"name":"(anonymous_1)","decl":{"start":{"line":7,"column":2},"end":{"line":7,"column":11}},"loc":{"start":{"line":7,"column":31},"end":{"line":16,"column":3}}},"1":{"name":"(anonymous_2)","decl":{"start":{"line":18,"column":2},"end":{"line":18,"column":18}},"loc":{"start":{"line":18,"column":41},"end":{"line":28,"column":3}}}},"branchMap":{},"s":{"0":2,"1":2,"2":2,"3":1,"4":1,"5":2,"6":2},"f":{"0":1,"1":1},"b":{}}
,"/Users/pamelaagustinhernandez/Desktop/CHECK EAT/check-eat-partner-api/src/modules/auth/data/datasource/mapper/authToken.mapper.ts": {"path":"/Users/pamelaagustinhernandez/Desktop/CHECK EAT/check-eat-partner-api/src/modules/auth/data/datasource/mapper/authToken.mapper.ts","statementMap":{"0":{"start":{"line":2,"column":0},"end":{"line":2,"column":65}},"1":{"start":{"line":3,"column":0},"end":{"line":3,"column":69}},"2":{"start":{"line":7,"column":4},"end":{"line":11,"column":7}},"3":{"start":{"line":15,"column":4},"end":{"line":19,"column":6}},"4":{"start":{"line":23,"column":20},"end":{"line":23,"column":37}},"5":{"start":{"line":24,"column":0},"end":{"line":24,"column":27}}},"fnMap":{"0":{"name":"(anonymous_1)","decl":{"start":{"line":6,"column":2},"end":{"line":6,"column":11}},"loc":{"start":{"line":6,"column":36},"end":{"line":12,"column":3}}},"1":{"name":"(anonymous_2)","decl":{"start":{"line":14,"column":2},"end":{"line":14,"column":18}},"loc":{"start":{"line":14,"column":39},"end":{"line":20,"column":3}}}},"branchMap":{},"s":{"0":2,"1":2,"2":1,"3":1,"4":2,"5":2},"f":{"0":1,"1":1},"b":{}}
,"/Users/pamelaagustinhernandez/Desktop/CHECK EAT/check-eat-partner-api/src/modules/auth/data/model/partner.schema.ts": {"path":"/Users/pamelaagustinhernandez/Desktop/CHECK EAT/check-eat-partner-api/src/modules/auth/data/model/partner.schema.ts","statementMap":{"0":{"start":{"line":2,"column":0},"end":{"line":2,"column":58}},"1":{"start":{"line":3,"column":0},"end":{"line":3,"column":45}},"2":{"start":{"line":4,"column":0},"end":{"line":4,"column":51}},"3":{"start":{"line":15,"column":22},"end":{"line":44,"column":2}},"4":{"start":{"line":46,"column":27},"end":{"line":46,"column":76}},"5":{"start":{"line":48,"column":0},"end":{"line":48,"column":34}}},"fnMap":{},"branchMap":{},"s":{"0":2,"1":2,"2":2,"3":2,"4":2,"5":2},"f":{},"b":{}}
,"/Users/pamelaagustinhernandez/Desktop/CHECK EAT/check-eat-partner-api/src/modules/auth/data/model/token.schema.ts": {"path":"/Users/pamelaagustinhernandez/Desktop/CHECK EAT/check-eat-partner-api/src/modules/auth/data/model/token.schema.ts","statementMap":{"0":{"start":{"line":1,"column":0},"end":{"line":1,"column":51}},"1":{"start":{"line":9,"column":20},"end":{"line":23,"column":2}},"2":{"start":{"line":25,"column":25},"end":{"line":25,"column":68}},"3":{"start":{"line":26,"column":0},"end":{"line":26,"column":32}}},"fnMap":{},"branchMap":{},"s":{"0":2,"1":2,"2":2,"3":2},"f":{},"b":{}}
,"/Users/pamelaagustinhernandez/Desktop/CHECK EAT/check-eat-partner-api/src/modules/auth/data/model/user.schema.ts": {"path":"/Users/pamelaagustinhernandez/Desktop/CHECK EAT/check-eat-partner-api/src/modules/auth/data/model/user.schema.ts","statementMap":{"0":{"start":{"line":1,"column":0},"end":{"line":1,"column":34}},"1":{"start":{"line":4,"column":13},"end":{"line":14,"column":3}}},"fnMap":{},"branchMap":{},"s":{"0":2,"1":2},"f":{},"b":{}}
,"/Users/pamelaagustinhernandez/Desktop/CHECK EAT/check-eat-partner-api/src/modules/auth/data/repository/auth.repository.ts": {"path":"/Users/pamelaagustinhernandez/Desktop/CHECK EAT/check-eat-partner-api/src/modules/auth/data/repository/auth.repository.ts","statementMap":{"0":{"start":{"line":1,"column":0},"end":{"line":1,"column":26}},"1":{"start":{"line":2,"column":0},"end":{"line":2,"column":47}},"2":{"start":{"line":12,"column":7},"end":{"line":33,"column":null}},"3":{"start":{"line":15,"column":12},"end":{"line":15,"column":39}},"4":{"start":{"line":19,"column":4},"end":{"line":19,"column":40}},"5":{"start":{"line":23,"column":4},"end":{"line":23,"column":53}},"6":{"start":{"line":27,"column":4},"end":{"line":27,"column":43}},"7":{"start":{"line":31,"column":4},"end":{"line":31,"column":42}},"8":{"start":{"line":12,"column":13},"end":{"line":12,"column":27}},"9":{"start":{"line":12,"column":13},"end":{"line":33,"column":null}}},"fnMap":{"0":{"name":"(anonymous_4)","decl":{"start":{"line":13,"column":2},"end":{"line":13,"column":null}},"loc":{"start":{"line":15,"column":39},"end":{"line":16,"column":6}}},"1":{"name":"(anonymous_5)","decl":{"start":{"line":18,"column":2},"end":{"line":18,"column":10}},"loc":{"start":{"line":18,"column":21},"end":{"line":20,"column":3}}},"2":{"name":"(anonymous_6)","decl":{"start":{"line":22,"column":2},"end":{"line":22,"column":13}},"loc":{"start":{"line":22,"column":34},"end":{"line":24,"column":3}}},"3":{"name":"(anonymous_7)","decl":{"start":{"line":26,"column":2},"end":{"line":26,"column":8}},"loc":{"start":{"line":26,"column":27},"end":{"line":28,"column":3}}},"4":{"name":"(anonymous_8)","decl":{"start":{"line":30,"column":2},"end":{"line":30,"column":9}},"loc":{"start":{"line":30,"column":20},"end":{"line":32,"column":3}}}},"branchMap":{},"s":{"0":1,"1":1,"2":1,"3":0,"4":0,"5":0,"6":0,"7":0,"8":1,"9":1},"f":{"0":0,"1":0,"2":0,"3":0,"4":0},"b":{}}
,"/Users/pamelaagustinhernandez/Desktop/CHECK EAT/check-eat-partner-api/src/modules/auth/domain/model/role.model.ts": {"path":"/Users/pamelaagustinhernandez/Desktop/CHECK EAT/check-eat-partner-api/src/modules/auth/domain/model/role.model.ts","statementMap":{"0":{"start":{"line":1,"column":0},"end":{"line":1,"column":null}},"1":{"start":{"line":2,"column":2},"end":{"line":2,"column":null}},"2":{"start":{"line":3,"column":2},"end":{"line":3,"column":null}},"3":{"start":{"line":4,"column":2},"end":{"line":4,"column":null}},"4":{"start":{"line":5,"column":2},"end":{"line":5,"column":null}},"5":{"start":{"line":6,"column":2},"end":{"line":6,"column":null}}},"fnMap":{"0":{"name":"(anonymous_0)","decl":{"start":{"line":1,"column":0},"end":{"line":1,"column":12}},"loc":{"start":{"line":1,"column":21},"end":{"line":7,"column":1}}}},"branchMap":{"0":{"loc":{"start":{"line":1,"column":12},"end":{"line":1,"column":null}},"type":"binary-expr","locations":[{"start":{"line":1,"column":12},"end":{"line":1,"column":21}},{"start":{"line":1,"column":21},"end":{"line":1,"column":null}}]}},"s":{"0":2,"1":2,"2":2,"3":2,"4":2,"5":2},"f":{"0":2},"b":{"0":[2,2]}}
,"/Users/pamelaagustinhernandez/Desktop/CHECK EAT/check-eat-partner-api/src/modules/companies/application/controller/company.controller.ts": {"path":"/Users/pamelaagustinhernandez/Desktop/CHECK EAT/check-eat-partner-api/src/modules/companies/application/controller/company.controller.ts","statementMap":{"0":{"start":{"line":1,"column":0},"end":{"line":1,"column":26}},"1":{"start":{"line":3,"column":0},"end":{"line":3,"column":47}},"2":{"start":{"line":6,"column":0},"end":{"line":6,"column":65}},"3":{"start":{"line":8,"column":0},"end":{"line":8,"column":32}},"4":{"start":{"line":11,"column":7},"end":{"line":234,"column":null}},"5":{"start":{"line":14,"column":12},"end":{"line":14,"column":42}},"6":{"start":{"line":17,"column":4},"end":{"line":37,"column":5}},"7":{"start":{"line":18,"column":6},"end":{"line":21,"column":7}},"8":{"start":{"line":19,"column":8},"end":{"line":19,"column":77}},"9":{"start":{"line":20,"column":8},"end":{"line":20,"column":15}},"10":{"start":{"line":23,"column":26},"end":{"line":23,"column":48}},"11":{"start":{"line":24,"column":6},"end":{"line":27,"column":7}},"12":{"start":{"line":25,"column":8},"end":{"line":25,"column":68}},"13":{"start":{"line":26,"column":8},"end":{"line":26,"column":15}},"14":{"start":{"line":30,"column":8},"end":{"line":30,"column":49}},"15":{"start":{"line":31,"column":6},"end":{"line":33,"column":7}},"16":{"start":{"line":32,"column":8},"end":{"line":32,"column":21}},"17":{"start":{"line":34,"column":6},"end":{"line":34,"column":36}},"18":{"start":{"line":36,"column":6},"end":{"line":36,"column":63}},"19":{"start":{"line":41,"column":4},"end":{"line":64,"column":5}},"20":{"start":{"line":42,"column":6},"end":{"line":45,"column":7}},"21":{"start":{"line":43,"column":8},"end":{"line":43,"column":77}},"22":{"start":{"line":44,"column":8},"end":{"line":44,"column":15}},"23":{"start":{"line":47,"column":24},"end":{"line":47,"column":44}},"24":{"start":{"line":48,"column":6},"end":{"line":51,"column":7}},"25":{"start":{"line":49,"column":8},"end":{"line":49,"column":66}},"26":{"start":{"line":50,"column":8},"end":{"line":50,"column":15}},"27":{"start":{"line":52,"column":6},"end":{"line":55,"column":7}},"28":{"start":{"line":53,"column":8},"end":{"line":53,"column":62}},"29":{"start":{"line":54,"column":8},"end":{"line":54,"column":15}},"30":{"start":{"line":57,"column":29},"end":{"line":59,"column":null}},"31":{"start":{"line":61,"column":6},"end":{"line":61,"column":43}},"32":{"start":{"line":63,"column":6},"end":{"line":63,"column":63}},"33":{"start":{"line":68,"column":4},"end":{"line":91,"column":5}},"34":{"start":{"line":69,"column":6},"end":{"line":72,"column":7}},"35":{"start":{"line":70,"column":8},"end":{"line":70,"column":77}},"36":{"start":{"line":71,"column":8},"end":{"line":71,"column":15}},"37":{"start":{"line":74,"column":24},"end":{"line":74,"column":44}},"38":{"start":{"line":75,"column":6},"end":{"line":78,"column":7}},"39":{"start":{"line":76,"column":8},"end":{"line":76,"column":66}},"40":{"start":{"line":77,"column":8},"end":{"line":77,"column":15}},"41":{"start":{"line":79,"column":6},"end":{"line":82,"column":7}},"42":{"start":{"line":80,"column":8},"end":{"line":80,"column":62}},"43":{"start":{"line":81,"column":8},"end":{"line":81,"column":15}},"44":{"start":{"line":84,"column":33},"end":{"line":86,"column":null}},"45":{"start":{"line":88,"column":6},"end":{"line":88,"column":47}},"46":{"start":{"line":90,"column":6},"end":{"line":90,"column":63}},"47":{"start":{"line":95,"column":4},"end":{"line":139,"column":5}},"48":{"start":{"line":96,"column":6},"end":{"line":99,"column":7}},"49":{"start":{"line":97,"column":8},"end":{"line":97,"column":77}},"50":{"start":{"line":98,"column":8},"end":{"line":98,"column":15}},"51":{"start":{"line":101,"column":27},"end":{"line":108,"column":null}},"52":{"start":{"line":111,"column":24},"end":{"line":111,"column":44}},"53":{"start":{"line":112,"column":6},"end":{"line":115,"column":7}},"54":{"start":{"line":113,"column":8},"end":{"line":113,"column":66}},"55":{"start":{"line":114,"column":8},"end":{"line":114,"column":15}},"56":{"start":{"line":117,"column":6},"end":{"line":120,"column":7}},"57":{"start":{"line":118,"column":8},"end":{"line":118,"column":62}},"58":{"start":{"line":119,"column":8},"end":{"line":119,"column":15}},"59":{"start":{"line":121,"column":24},"end":{"line":121,"column":66}},"60":{"start":{"line":122,"column":6},"end":{"line":125,"column":7}},"61":{"start":{"line":123,"column":8},"end":{"line":123,"column":66}},"62":{"start":{"line":124,"column":8},"end":{"line":124,"column":15}},"63":{"start":{"line":127,"column":29},"end":{"line":129,"column":null}},"64":{"start":{"line":132,"column":6},"end":{"line":135,"column":7}},"65":{"start":{"line":133,"column":8},"end":{"line":133,"column":45}},"66":{"start":{"line":134,"column":8},"end":{"line":134,"column":15}},"67":{"start":{"line":136,"column":6},"end":{"line":136,"column":62}},"68":{"start":{"line":138,"column":6},"end":{"line":138,"column":63}},"69":{"start":{"line":143,"column":4},"end":{"line":172,"column":5}},"70":{"start":{"line":144,"column":6},"end":{"line":147,"column":7}},"71":{"start":{"line":145,"column":8},"end":{"line":145,"column":77}},"72":{"start":{"line":146,"column":8},"end":{"line":146,"column":15}},"73":{"start":{"line":149,"column":27},"end":{"line":156,"column":null}},"74":{"start":{"line":159,"column":24},"end":{"line":159,"column":66}},"75":{"start":{"line":160,"column":6},"end":{"line":163,"column":7}},"76":{"start":{"line":161,"column":8},"end":{"line":161,"column":66}},"77":{"start":{"line":162,"column":8},"end":{"line":162,"column":15}},"78":{"start":{"line":166,"column":8},"end":{"line":166,"column":53}},"79":{"start":{"line":168,"column":6},"end":{"line":168,"column":39}},"80":{"start":{"line":170,"column":6},"end":{"line":170,"column":25}},"81":{"start":{"line":171,"column":6},"end":{"line":171,"column":63}},"82":{"start":{"line":176,"column":4},"end":{"line":201,"column":5}},"83":{"start":{"line":177,"column":6},"end":{"line":180,"column":7}},"84":{"start":{"line":178,"column":8},"end":{"line":178,"column":77}},"85":{"start":{"line":179,"column":8},"end":{"line":179,"column":15}},"86":{"start":{"line":182,"column":26},"end":{"line":182,"column":48}},"87":{"start":{"line":183,"column":6},"end":{"line":186,"column":7}},"88":{"start":{"line":184,"column":8},"end":{"line":184,"column":65}},"89":{"start":{"line":185,"column":8},"end":{"line":185,"column":15}},"90":{"start":{"line":188,"column":6},"end":{"line":191,"column":7}},"91":{"start":{"line":189,"column":8},"end":{"line":189,"column":64}},"92":{"start":{"line":190,"column":8},"end":{"line":190,"column":15}},"93":{"start":{"line":194,"column":8},"end":{"line":194,"column":57}},"94":{"start":{"line":195,"column":6},"end":{"line":197,"column":7}},"95":{"start":{"line":196,"column":8},"end":{"line":196,"column":21}},"96":{"start":{"line":198,"column":6},"end":{"line":198,"column":36}},"97":{"start":{"line":200,"column":6},"end":{"line":200,"column":63}},"98":{"start":{"line":205,"column":4},"end":{"line":232,"column":5}},"99":{"start":{"line":206,"column":6},"end":{"line":209,"column":7}},"100":{"start":{"line":207,"column":8},"end":{"line":207,"column":77}},"101":{"start":{"line":208,"column":8},"end":{"line":208,"column":15}},"102":{"start":{"line":211,"column":24},"end":{"line":211,"column":44}},"103":{"start":{"line":212,"column":6},"end":{"line":215,"column":7}},"104":{"start":{"line":213,"column":8},"end":{"line":213,"column":66}},"105":{"start":{"line":214,"column":8},"end":{"line":214,"column":15}},"106":{"start":{"line":217,"column":6},"end":{"line":220,"column":7}},"107":{"start":{"line":218,"column":8},"end":{"line":218,"column":62}},"108":{"start":{"line":219,"column":8},"end":{"line":219,"column":15}},"109":{"start":{"line":223,"column":8},"end":{"line":223,"column":49}},"110":{"start":{"line":225,"column":6},"end":{"line":228,"column":7}},"111":{"start":{"line":226,"column":8},"end":{"line":226,"column":37}},"112":{"start":{"line":227,"column":8},"end":{"line":227,"column":15}},"113":{"start":{"line":229,"column":6},"end":{"line":229,"column":62}},"114":{"start":{"line":231,"column":6},"end":{"line":231,"column":63}},"115":{"start":{"line":11,"column":13},"end":{"line":11,"column":30}},"116":{"start":{"line":11,"column":13},"end":{"line":234,"column":null}}},"fnMap":{"0":{"name":"(anonymous_12)","decl":{"start":{"line":12,"column":2},"end":{"line":12,"column":null}},"loc":{"start":{"line":14,"column":42},"end":{"line":15,"column":6}}},"1":{"name":"(anonymous_13)","decl":{"start":{"line":16,"column":8},"end":{"line":16,"column":14}},"loc":{"start":{"line":16,"column":42},"end":{"line":38,"column":null}}},"2":{"name":"(anonymous_15)","decl":{"start":{"line":40,"column":8},"end":{"line":40,"column":21}},"loc":{"start":{"line":40,"column":49},"end":{"line":65,"column":null}}},"3":{"name":"(anonymous_17)","decl":{"start":{"line":67,"column":8},"end":{"line":67,"column":18}},"loc":{"start":{"line":67,"column":46},"end":{"line":92,"column":null}}},"4":{"name":"(anonymous_19)","decl":{"start":{"line":94,"column":8},"end":{"line":94,"column":21}},"loc":{"start":{"line":94,"column":49},"end":{"line":140,"column":null}}},"5":{"name":"(anonymous_21)","decl":{"start":{"line":142,"column":8},"end":{"line":142,"column":21}},"loc":{"start":{"line":142,"column":49},"end":{"line":173,"column":null}}},"6":{"name":"(anonymous_23)","decl":{"start":{"line":175,"column":8},"end":{"line":175,"column":22}},"loc":{"start":{"line":175,"column":50},"end":{"line":202,"column":null}}},"7":{"name":"(anonymous_25)","decl":{"start":{"line":204,"column":8},"end":{"line":204,"column":16}},"loc":{"start":{"line":204,"column":44},"end":{"line":233,"column":null}}}},"branchMap":{"0":{"loc":{"start":{"line":18,"column":6},"end":{"line":21,"column":7}},"type":"if","locations":[{"start":{"line":18,"column":6},"end":{"line":21,"column":7}}]},"1":{"loc":{"start":{"line":24,"column":6},"end":{"line":27,"column":7}},"type":"if","locations":[{"start":{"line":24,"column":6},"end":{"line":27,"column":7}}]},"2":{"loc":{"start":{"line":31,"column":6},"end":{"line":33,"column":7}},"type":"if","locations":[{"start":{"line":31,"column":6},"end":{"line":33,"column":7}}]},"3":{"loc":{"start":{"line":42,"column":6},"end":{"line":45,"column":7}},"type":"if","locations":[{"start":{"line":42,"column":6},"end":{"line":45,"column":7}}]},"4":{"loc":{"start":{"line":48,"column":6},"end":{"line":51,"column":7}},"type":"if","locations":[{"start":{"line":48,"column":6},"end":{"line":51,"column":7}}]},"5":{"loc":{"start":{"line":52,"column":6},"end":{"line":55,"column":7}},"type":"if","locations":[{"start":{"line":52,"column":6},"end":{"line":55,"column":7}}]},"6":{"loc":{"start":{"line":69,"column":6},"end":{"line":72,"column":7}},"type":"if","locations":[{"start":{"line":69,"column":6},"end":{"line":72,"column":7}}]},"7":{"loc":{"start":{"line":75,"column":6},"end":{"line":78,"column":7}},"type":"if","locations":[{"start":{"line":75,"column":6},"end":{"line":78,"column":7}}]},"8":{"loc":{"start":{"line":79,"column":6},"end":{"line":82,"column":7}},"type":"if","locations":[{"start":{"line":79,"column":6},"end":{"line":82,"column":7}}]},"9":{"loc":{"start":{"line":96,"column":6},"end":{"line":99,"column":7}},"type":"if","locations":[{"start":{"line":96,"column":6},"end":{"line":99,"column":7}}]},"10":{"loc":{"start":{"line":112,"column":6},"end":{"line":115,"column":7}},"type":"if","locations":[{"start":{"line":112,"column":6},"end":{"line":115,"column":7}}]},"11":{"loc":{"start":{"line":117,"column":6},"end":{"line":120,"column":7}},"type":"if","locations":[{"start":{"line":117,"column":6},"end":{"line":120,"column":7}}]},"12":{"loc":{"start":{"line":122,"column":6},"end":{"line":125,"column":7}},"type":"if","locations":[{"start":{"line":122,"column":6},"end":{"line":125,"column":7}}]},"13":{"loc":{"start":{"line":132,"column":6},"end":{"line":135,"column":7}},"type":"if","locations":[{"start":{"line":132,"column":6},"end":{"line":135,"column":7}}]},"14":{"loc":{"start":{"line":144,"column":6},"end":{"line":147,"column":7}},"type":"if","locations":[{"start":{"line":144,"column":6},"end":{"line":147,"column":7}}]},"15":{"loc":{"start":{"line":160,"column":6},"end":{"line":163,"column":7}},"type":"if","locations":[{"start":{"line":160,"column":6},"end":{"line":163,"column":7}}]},"16":{"loc":{"start":{"line":177,"column":6},"end":{"line":180,"column":7}},"type":"if","locations":[{"start":{"line":177,"column":6},"end":{"line":180,"column":7}}]},"17":{"loc":{"start":{"line":183,"column":6},"end":{"line":186,"column":7}},"type":"if","locations":[{"start":{"line":183,"column":6},"end":{"line":186,"column":7}}]},"18":{"loc":{"start":{"line":188,"column":6},"end":{"line":191,"column":7}},"type":"if","locations":[{"start":{"line":188,"column":6},"end":{"line":191,"column":7}}]},"19":{"loc":{"start":{"line":195,"column":6},"end":{"line":197,"column":7}},"type":"if","locations":[{"start":{"line":195,"column":6},"end":{"line":197,"column":7}}]},"20":{"loc":{"start":{"line":206,"column":6},"end":{"line":209,"column":7}},"type":"if","locations":[{"start":{"line":206,"column":6},"end":{"line":209,"column":7}}]},"21":{"loc":{"start":{"line":212,"column":6},"end":{"line":215,"column":7}},"type":"if","locations":[{"start":{"line":212,"column":6},"end":{"line":215,"column":7}}]},"22":{"loc":{"start":{"line":217,"column":6},"end":{"line":220,"column":7}},"type":"if","locations":[{"start":{"line":217,"column":6},"end":{"line":220,"column":7}}]},"23":{"loc":{"start":{"line":225,"column":6},"end":{"line":228,"column":7}},"type":"if","locations":[{"start":{"line":225,"column":6},"end":{"line":228,"column":7}}]}},"s":{"0":1,"1":1,"2":1,"3":1,"4":1,"5":24,"6":0,"7":0,"8":0,"9":0,"10":0,"11":0,"12":0,"13":0,"14":0,"15":0,"16":0,"17":0,"18":0,"19":4,"20":4,"21":0,"22":0,"23":4,"24":4,"25":1,"26":1,"27":3,"28":1,"29":1,"30":2,"31":1,"32":1,"33":0,"34":0,"35":0,"36":0,"37":0,"38":0,"39":0,"40":0,"41":0,"42":0,"43":0,"44":0,"45":0,"46":0,"47":5,"48":5,"49":0,"50":0,"51":5,"52":5,"53":5,"54":1,"55":1,"56":4,"57":1,"58":1,"59":3,"60":3,"61":1,"62":1,"63":2,"64":1,"65":1,"66":1,"67":0,"68":1,"69":6,"70":6,"71":0,"72":0,"73":6,"74":6,"75":6,"76":5,"77":5,"78":1,"79":1,"80":0,"81":0,"82":5,"83":5,"84":0,"85":0,"86":5,"87":5,"88":1,"89":1,"90":4,"91":1,"92":1,"93":3,"94":2,"95":0,"96":2,"97":1,"98":4,"99":4,"100":0,"101":0,"102":4,"103":4,"104":0,"105":0,"106":4,"107":1,"108":1,"109":3,"110":2,"111":1,"112":1,"113":1,"114":1,"115":1,"116":1},"f":{"0":24,"1":0,"2":4,"3":0,"4":5,"5":6,"6":5,"7":4},"b":{"0":[0],"1":[0],"2":[0],"3":[0],"4":[1],"5":[1],"6":[0],"7":[0],"8":[0],"9":[0],"10":[1],"11":[1],"12":[1],"13":[1],"14":[0],"15":[5],"16":[0],"17":[1],"18":[1],"19":[0],"20":[0],"21":[0],"22":[1],"23":[1]}}
,"/Users/pamelaagustinhernandez/Desktop/CHECK EAT/check-eat-partner-api/src/modules/companies/application/controller/validator/company.validator.ts": {"path":"/Users/pamelaagustinhernandez/Desktop/CHECK EAT/check-eat-partner-api/src/modules/companies/application/controller/validator/company.validator.ts","statementMap":{"0":{"start":{"line":1,"column":0},"end":{"line":1,"column":22}},"1":{"start":{"line":2,"column":0},"end":{"line":2,"column":70}},"2":{"start":{"line":4,"column":26},"end":{"line":25,"column":2}},"3":{"start":{"line":27,"column":13},"end":{"line":97,"column":3}},"4":{"start":{"line":59,"column":25},"end":{"line":59,"column":73}},"5":{"start":{"line":59,"column":53},"end":{"line":59,"column":72}},"6":{"start":{"line":60,"column":23},"end":{"line":60,"column":69}},"7":{"start":{"line":60,"column":51},"end":{"line":60,"column":68}},"8":{"start":{"line":61,"column":22},"end":{"line":61,"column":67}},"9":{"start":{"line":61,"column":50},"end":{"line":61,"column":66}},"10":{"start":{"line":63,"column":6},"end":{"line":65,"column":7}},"11":{"start":{"line":64,"column":8},"end":{"line":64,"column":51}},"12":{"start":{"line":67,"column":6},"end":{"line":67,"column":19}}},"fnMap":{"0":{"name":"(anonymous_1)","decl":{"start":{"line":58,"column":12},"end":{"line":58,"column":13}},"loc":{"start":{"line":58,"column":31},"end":{"line":68,"column":5}}},"1":{"name":"(anonymous_2)","decl":{"start":{"line":59,"column":36},"end":{"line":59,"column":37}},"loc":{"start":{"line":59,"column":53},"end":{"line":59,"column":72}}},"2":{"name":"(anonymous_3)","decl":{"start":{"line":60,"column":34},"end":{"line":60,"column":35}},"loc":{"start":{"line":60,"column":51},"end":{"line":60,"column":68}}},"3":{"name":"(anonymous_4)","decl":{"start":{"line":61,"column":33},"end":{"line":61,"column":34}},"loc":{"start":{"line":61,"column":50},"end":{"line":61,"column":66}}}},"branchMap":{"0":{"loc":{"start":{"line":63,"column":6},"end":{"line":65,"column":7}},"type":"if","locations":[{"start":{"line":63,"column":6},"end":{"line":65,"column":7}}]},"1":{"loc":{"start":{"line":63,"column":10},"end":{"line":63,"column":61}},"type":"binary-expr","locations":[{"start":{"line":63,"column":11},"end":{"line":63,"column":21}},{"start":{"line":63,"column":25},"end":{"line":63,"column":32}},{"start":{"line":63,"column":38},"end":{"line":63,"column":48}},{"start":{"line":63,"column":52},"end":{"line":63,"column":60}}]}},"s":{"0":1,"1":1,"2":1,"3":1,"4":5,"5":5,"6":5,"7":5,"8":5,"9":5,"10":5,"11":1,"12":4},"f":{"0":5,"1":5,"2":5,"3":5},"b":{"0":[1],"1":[5,5,4,4]}}
,"/Users/pamelaagustinhernandez/Desktop/CHECK EAT/check-eat-partner-api/src/modules/companies/application/di/company.container.ts": {"path":"/Users/pamelaagustinhernandez/Desktop/CHECK EAT/check-eat-partner-api/src/modules/companies/application/di/company.container.ts","statementMap":{"0":{"start":{"line":1,"column":0},"end":{"line":1,"column":26}},"1":{"start":{"line":2,"column":0},"end":{"line":2,"column":38}},"2":{"start":{"line":5,"column":0},"end":{"line":5,"column":77}},"3":{"start":{"line":6,"column":0},"end":{"line":6,"column":77}},"4":{"start":{"line":8,"column":0},"end":{"line":8,"column":69}},"5":{"start":{"line":10,"column":25},"end":{"line":10,"column":40}},"6":{"start":{"line":23,"column":9},"end":{"line":23,"column":25}},"7":{"start":{"line":12,"column":0},"end":{"line":14,"column":25}},"8":{"start":{"line":15,"column":0},"end":{"line":17,"column":25}},"9":{"start":{"line":19,"column":0},"end":{"line":21,"column":25}}},"fnMap":{},"branchMap":{},"s":{"0":1,"1":1,"2":1,"3":1,"4":1,"5":1,"6":1,"7":1,"8":1,"9":1},"f":{},"b":{}}
,"/Users/pamelaagustinhernandez/Desktop/CHECK EAT/check-eat-partner-api/src/modules/companies/data/datasource/company.datasource.ts": {"path":"/Users/pamelaagustinhernandez/Desktop/CHECK EAT/check-eat-partner-api/src/modules/companies/data/datasource/company.datasource.ts","statementMap":{"0":{"start":{"line":1,"column":0},"end":{"line":1,"column":26}},"1":{"start":{"line":4,"column":0},"end":{"line":4,"column":39}},"2":{"start":{"line":5,"column":0},"end":{"line":5,"column":52}},"3":{"start":{"line":6,"column":0},"end":{"line":6,"column":73}},"4":{"start":{"line":9,"column":7},"end":{"line":138,"column":null}},"5":{"start":{"line":11,"column":4},"end":{"line":21,"column":5}},"6":{"start":{"line":12,"column":24},"end":{"line":14,"column":8}},"7":{"start":{"line":15,"column":6},"end":{"line":17,"column":9}},"8":{"start":{"line":16,"column":8},"end":{"line":16,"column":55}},"9":{"start":{"line":19,"column":6},"end":{"line":19,"column":53}},"10":{"start":{"line":20,"column":6},"end":{"line":20,"column":18}},"11":{"start":{"line":25,"column":26},"end":{"line":25,"column":58}},"12":{"start":{"line":26,"column":31},"end":{"line":26,"column":57}},"13":{"start":{"line":28,"column":4},"end":{"line":28,"column":62}},"14":{"start":{"line":35,"column":4},"end":{"line":49,"column":5}},"15":{"start":{"line":36,"column":29},"end":{"line":41,"column":null}},"16":{"start":{"line":43,"column":6},"end":{"line":45,"column":7}},"17":{"start":{"line":44,"column":8},"end":{"line":44,"column":62}},"18":{"start":{"line":46,"column":6},"end":{"line":46,"column":18}},"19":{"start":{"line":48,"column":6},"end":{"line":48,"column":18}},"20":{"start":{"line":56,"column":4},"end":{"line":78,"column":5}},"21":{"start":{"line":57,"column":29},"end":{"line":65,"column":8}},"22":{"start":{"line":66,"column":29},"end":{"line":71,"column":null}},"23":{"start":{"line":73,"column":6},"end":{"line":74,"column":62}},"24":{"start":{"line":74,"column":8},"end":{"line":74,"column":62}},"25":{"start":{"line":75,"column":6},"end":{"line":75,"column":18}},"26":{"start":{"line":77,"column":6},"end":{"line":77,"column":18}},"27":{"start":{"line":85,"column":4},"end":{"line":107,"column":5}},"28":{"start":{"line":86,"column":29},"end":{"line":94,"column":8}},"29":{"start":{"line":95,"column":29},"end":{"line":100,"column":null}},"30":{"start":{"line":102,"column":6},"end":{"line":103,"column":62}},"31":{"start":{"line":103,"column":8},"end":{"line":103,"column":62}},"32":{"start":{"line":104,"column":6},"end":{"line":104,"column":18}},"33":{"start":{"line":106,"column":6},"end":{"line":106,"column":18}},"34":{"start":{"line":111,"column":4},"end":{"line":122,"column":5}},"35":{"start":{"line":112,"column":22},"end":{"line":114,"column":8}},"36":{"start":{"line":115,"column":6},"end":{"line":117,"column":7}},"37":{"start":{"line":116,"column":8},"end":{"line":116,"column":55}},"38":{"start":{"line":118,"column":6},"end":{"line":118,"column":18}},"39":{"start":{"line":120,"column":6},"end":{"line":120,"column":51}},"40":{"start":{"line":121,"column":6},"end":{"line":121,"column":18}},"41":{"start":{"line":126,"column":4},"end":{"line":136,"column":5}},"42":{"start":{"line":127,"column":24},"end":{"line":129,"column":8}},"43":{"start":{"line":130,"column":6},"end":{"line":132,"column":9}},"44":{"start":{"line":131,"column":8},"end":{"line":131,"column":55}},"45":{"start":{"line":134,"column":6},"end":{"line":134,"column":57}},"46":{"start":{"line":135,"column":6},"end":{"line":135,"column":18}},"47":{"start":{"line":9,"column":13},"end":{"line":9,"column":30}},"48":{"start":{"line":9,"column":13},"end":{"line":138,"column":null}}},"fnMap":{"0":{"name":"(anonymous_9)","decl":{"start":{"line":10,"column":8},"end":{"line":10,"column":14}},"loc":{"start":{"line":10,"column":34},"end":{"line":22,"column":null}}},"1":{"name":"(anonymous_11)","decl":{"start":{"line":15,"column":27},"end":{"line":15,"column":34}},"loc":{"start":{"line":15,"column":37},"end":{"line":17,"column":7}}},"2":{"name":"(anonymous_12)","decl":{"start":{"line":24,"column":8},"end":{"line":24,"column":14}},"loc":{"start":{"line":24,"column":36},"end":{"line":29,"column":null}}},"3":{"name":"(anonymous_14)","decl":{"start":{"line":31,"column":8},"end":{"line":31,"column":14}},"loc":{"start":{"line":33,"column":25},"end":{"line":50,"column":null}}},"4":{"name":"(anonymous_16)","decl":{"start":{"line":52,"column":8},"end":{"line":52,"column":14}},"loc":{"start":{"line":54,"column":30},"end":{"line":79,"column":null}}},"5":{"name":"(anonymous_18)","decl":{"start":{"line":81,"column":8},"end":{"line":81,"column":18}},"loc":{"start":{"line":83,"column":30},"end":{"line":108,"column":null}}},"6":{"name":"(anonymous_20)","decl":{"start":{"line":110,"column":8},"end":{"line":110,"column":16}},"loc":{"start":{"line":110,"column":34},"end":{"line":123,"column":null}}},"7":{"name":"(anonymous_22)","decl":{"start":{"line":125,"column":8},"end":{"line":125,"column":22}},"loc":{"start":{"line":125,"column":42},"end":{"line":137,"column":null}}},"8":{"name":"(anonymous_24)","decl":{"start":{"line":130,"column":27},"end":{"line":130,"column":34}},"loc":{"start":{"line":130,"column":37},"end":{"line":132,"column":7}}}},"branchMap":{"0":{"loc":{"start":{"line":43,"column":6},"end":{"line":45,"column":7}},"type":"if","locations":[{"start":{"line":43,"column":6},"end":{"line":45,"column":7}}]},"1":{"loc":{"start":{"line":73,"column":6},"end":{"line":74,"column":62}},"type":"if","locations":[{"start":{"line":73,"column":6},"end":{"line":74,"column":62}}]},"2":{"loc":{"start":{"line":102,"column":6},"end":{"line":103,"column":62}},"type":"if","locations":[{"start":{"line":102,"column":6},"end":{"line":103,"column":62}}]},"3":{"loc":{"start":{"line":115,"column":6},"end":{"line":117,"column":7}},"type":"if","locations":[{"start":{"line":115,"column":6},"end":{"line":117,"column":7}}]}},"s":{"0":1,"1":1,"2":1,"3":1,"4":1,"5":0,"6":0,"7":0,"8":0,"9":0,"10":0,"11":0,"12":0,"13":0,"14":0,"15":0,"16":0,"17":0,"18":0,"19":0,"20":0,"21":0,"22":0,"23":0,"24":0,"25":0,"26":0,"27":0,"28":0,"29":0,"30":0,"31":0,"32":0,"33":0,"34":0,"35":0,"36":0,"37":0,"38":0,"39":0,"40":0,"41":0,"42":0,"43":0,"44":0,"45":0,"46":0,"47":1,"48":1},"f":{"0":0,"1":0,"2":0,"3":0,"4":0,"5":0,"6":0,"7":0,"8":0},"b":{"0":[0],"1":[0],"2":[0],"3":[0]}}
,"/Users/pamelaagustinhernandez/Desktop/CHECK EAT/check-eat-partner-api/src/modules/companies/data/datasource/mapper/company.mapper.ts": {"path":"/Users/pamelaagustinhernandez/Desktop/CHECK EAT/check-eat-partner-api/src/modules/companies/data/datasource/mapper/company.mapper.ts","statementMap":{"0":{"start":{"line":2,"column":0},"end":{"line":2,"column":69}},"1":{"start":{"line":3,"column":0},"end":{"line":3,"column":70}},"2":{"start":{"line":7,"column":4},"end":{"line":43,"column":7}},"3":{"start":{"line":47,"column":4},"end":{"line":83,"column":6}},"4":{"start":{"line":87,"column":22},"end":{"line":87,"column":41}},"5":{"start":{"line":88,"column":0},"end":{"line":88,"column":29}}},"fnMap":{"0":{"name":"(anonymous_1)","decl":{"start":{"line":6,"column":2},"end":{"line":6,"column":11}},"loc":{"start":{"line":6,"column":31},"end":{"line":44,"column":3}}},"1":{"name":"(anonymous_2)","decl":{"start":{"line":46,"column":2},"end":{"line":46,"column":18}},"loc":{"start":{"line":46,"column":41},"end":{"line":84,"column":3}}}},"branchMap":{"0":{"loc":{"start":{"line":34,"column":27},"end":{"line":34,"column":67}},"type":"binary-expr","locations":[{"start":{"line":34,"column":27},"end":{"line":34,"column":61}},{"start":{"line":34,"column":65},"end":{"line":34,"column":67}}]},"1":{"loc":{"start":{"line":34,"column":27},"end":{"line":34,"column":61}},"type":"cond-expr","locations":[{"start":{"line":34,"column":42},"end":{"line":34,"column":44}},{"start":{"line":34,"column":42},"end":{"line":34,"column":61}}]},"2":{"loc":{"start":{"line":34,"column":27},"end":{"line":34,"column":44}},"type":"binary-expr","locations":[{"start":{"line":34,"column":27},"end":{"line":34,"column":44}},{"start":{"line":34,"column":42},"end":{"line":34,"column":44}}]},"3":{"loc":{"start":{"line":35,"column":19},"end":{"line":35,"column":51}},"type":"binary-expr","locations":[{"start":{"line":35,"column":19},"end":{"line":35,"column":45}},{"start":{"line":35,"column":49},"end":{"line":35,"column":51}}]},"4":{"loc":{"start":{"line":35,"column":19},"end":{"line":35,"column":45}},"type":"cond-expr","locations":[{"start":{"line":35,"column":34},"end":{"line":35,"column":36}},{"start":{"line":35,"column":34},"end":{"line":35,"column":45}}]},"5":{"loc":{"start":{"line":35,"column":19},"end":{"line":35,"column":36}},"type":"binary-expr","locations":[{"start":{"line":35,"column":19},"end":{"line":35,"column":36}},{"start":{"line":35,"column":34},"end":{"line":35,"column":36}}]},"6":{"loc":{"start":{"line":36,"column":16},"end":{"line":36,"column":45}},"type":"binary-expr","locations":[{"start":{"line":36,"column":16},"end":{"line":36,"column":39}},{"start":{"line":36,"column":43},"end":{"line":36,"column":45}}]},"7":{"loc":{"start":{"line":36,"column":16},"end":{"line":36,"column":39}},"type":"cond-expr","locations":[{"start":{"line":36,"column":31},"end":{"line":36,"column":33}},{"start":{"line":36,"column":31},"end":{"line":36,"column":39}}]},"8":{"loc":{"start":{"line":36,"column":16},"end":{"line":36,"column":33}},"type":"binary-expr","locations":[{"start":{"line":36,"column":16},"end":{"line":36,"column":33}},{"start":{"line":36,"column":31},"end":{"line":36,"column":33}}]},"9":{"loc":{"start":{"line":37,"column":24},"end":{"line":37,"column":55}},"type":"cond-expr","locations":[{"start":{"line":37,"column":39},"end":{"line":37,"column":41}},{"start":{"line":37,"column":39},"end":{"line":37,"column":55}}]},"10":{"loc":{"start":{"line":37,"column":24},"end":{"line":37,"column":41}},"type":"binary-expr","locations":[{"start":{"line":37,"column":24},"end":{"line":37,"column":41}},{"start":{"line":37,"column":39},"end":{"line":37,"column":41}}]},"11":{"loc":{"start":{"line":74,"column":27},"end":{"line":74,"column":67}},"type":"binary-expr","locations":[{"start":{"line":74,"column":27},"end":{"line":74,"column":61}},{"start":{"line":74,"column":65},"end":{"line":74,"column":67}}]},"12":{"loc":{"start":{"line":74,"column":27},"end":{"line":74,"column":61}},"type":"cond-expr","locations":[{"start":{"line":74,"column":42},"end":{"line":74,"column":44}},{"start":{"line":74,"column":42},"end":{"line":74,"column":61}}]},"13":{"loc":{"start":{"line":74,"column":27},"end":{"line":74,"column":44}},"type":"binary-expr","locations":[{"start":{"line":74,"column":27},"end":{"line":74,"column":44}},{"start":{"line":74,"column":42},"end":{"line":74,"column":44}}]},"14":{"loc":{"start":{"line":75,"column":19},"end":{"line":75,"column":51}},"type":"binary-expr","locations":[{"start":{"line":75,"column":19},"end":{"line":75,"column":45}},{"start":{"line":75,"column":49},"end":{"line":75,"column":51}}]},"15":{"loc":{"start":{"line":75,"column":19},"end":{"line":75,"column":45}},"type":"cond-expr","locations":[{"start":{"line":75,"column":34},"end":{"line":75,"column":36}},{"start":{"line":75,"column":34},"end":{"line":75,"column":45}}]},"16":{"loc":{"start":{"line":75,"column":19},"end":{"line":75,"column":36}},"type":"binary-expr","locations":[{"start":{"line":75,"column":19},"end":{"line":75,"column":36}},{"start":{"line":75,"column":34},"end":{"line":75,"column":36}}]},"17":{"loc":{"start":{"line":76,"column":16},"end":{"line":76,"column":45}},"type":"binary-expr","locations":[{"start":{"line":76,"column":16},"end":{"line":76,"column":39}},{"start":{"line":76,"column":43},"end":{"line":76,"column":45}}]},"18":{"loc":{"start":{"line":76,"column":16},"end":{"line":76,"column":39}},"type":"cond-expr","locations":[{"start":{"line":76,"column":31},"end":{"line":76,"column":33}},{"start":{"line":76,"column":31},"end":{"line":76,"column":39}}]},"19":{"loc":{"start":{"line":76,"column":16},"end":{"line":76,"column":33}},"type":"binary-expr","locations":[{"start":{"line":76,"column":16},"end":{"line":76,"column":33}},{"start":{"line":76,"column":31},"end":{"line":76,"column":33}}]},"20":{"loc":{"start":{"line":77,"column":24},"end":{"line":77,"column":55}},"type":"cond-expr","locations":[{"start":{"line":77,"column":39},"end":{"line":77,"column":41}},{"start":{"line":77,"column":39},"end":{"line":77,"column":55}}]},"21":{"loc":{"start":{"line":77,"column":24},"end":{"line":77,"column":41}},"type":"binary-expr","locations":[{"start":{"line":77,"column":24},"end":{"line":77,"column":41}},{"start":{"line":77,"column":39},"end":{"line":77,"column":41}}]}},"s":{"0":2,"1":2,"2":1,"3":1,"4":2,"5":2},"f":{"0":1,"1":1},"b":{"0":[1,0],"1":[0,1],"2":[1,1],"3":[1,0],"4":[0,1],"5":[1,1],"6":[1,0],"7":[0,1],"8":[1,1],"9":[0,1],"10":[1,1],"11":[1,0],"12":[0,1],"13":[1,1],"14":[1,0],"15":[0,1],"16":[1,1],"17":[1,0],"18":[0,1],"19":[1,1],"20":[0,1],"21":[1,1]}}
,"/Users/pamelaagustinhernandez/Desktop/CHECK EAT/check-eat-partner-api/src/modules/companies/data/model/company.schema.ts": {"path":"/Users/pamelaagustinhernandez/Desktop/CHECK EAT/check-eat-partner-api/src/modules/companies/data/model/company.schema.ts","statementMap":{"0":{"start":{"line":1,"column":0},"end":{"line":1,"column":54}},"1":{"start":{"line":3,"column":0},"end":{"line":3,"column":67}},"2":{"start":{"line":42,"column":22},"end":{"line":135,"column":2}},"3":{"start":{"line":137,"column":0},"end":{"line":137,"column":73}}},"fnMap":{},"branchMap":{},"s":{"0":2,"1":2,"2":2,"3":2},"f":{},"b":{}}
,"/Users/pamelaagustinhernandez/Desktop/CHECK EAT/check-eat-partner-api/src/modules/companies/data/repository/company.repository.ts": {"path":"/Users/pamelaagustinhernandez/Desktop/CHECK EAT/check-eat-partner-api/src/modules/companies/data/repository/company.repository.ts","statementMap":{"0":{"start":{"line":1,"column":0},"end":{"line":1,"column":26}},"1":{"start":{"line":5,"column":0},"end":{"line":5,"column":47}},"2":{"start":{"line":8,"column":7},"end":{"line":49,"column":null}},"3":{"start":{"line":11,"column":12},"end":{"line":11,"column":42}},"4":{"start":{"line":14,"column":4},"end":{"line":14,"column":47}},"5":{"start":{"line":18,"column":4},"end":{"line":18,"column":53}},"6":{"start":{"line":22,"column":4},"end":{"line":22,"column":43}},"7":{"start":{"line":29,"column":4},"end":{"line":29,"column":54}},"8":{"start":{"line":36,"column":4},"end":{"line":36,"column":65}},"9":{"start":{"line":43,"column":4},"end":{"line":43,"column":69}},"10":{"start":{"line":47,"column":4},"end":{"line":47,"column":47}},"11":{"start":{"line":8,"column":13},"end":{"line":8,"column":30}},"12":{"start":{"line":8,"column":13},"end":{"line":49,"column":null}}},"fnMap":{"0":{"name":"(anonymous_4)","decl":{"start":{"line":9,"column":2},"end":{"line":9,"column":null}},"loc":{"start":{"line":11,"column":42},"end":{"line":12,"column":6}}},"1":{"name":"(anonymous_5)","decl":{"start":{"line":13,"column":2},"end":{"line":13,"column":8}},"loc":{"start":{"line":13,"column":28},"end":{"line":15,"column":3}}},"2":{"name":"(anonymous_6)","decl":{"start":{"line":17,"column":2},"end":{"line":17,"column":16}},"loc":{"start":{"line":17,"column":34},"end":{"line":19,"column":3}}},"3":{"name":"(anonymous_7)","decl":{"start":{"line":21,"column":2},"end":{"line":21,"column":8}},"loc":{"start":{"line":21,"column":30},"end":{"line":23,"column":3}}},"4":{"name":"(anonymous_8)","decl":{"start":{"line":25,"column":2},"end":{"line":25,"column":8}},"loc":{"start":{"line":27,"column":25},"end":{"line":30,"column":3}}},"5":{"name":"(anonymous_9)","decl":{"start":{"line":32,"column":2},"end":{"line":32,"column":8}},"loc":{"start":{"line":34,"column":30},"end":{"line":37,"column":3}}},"6":{"name":"(anonymous_10)","decl":{"start":{"line":39,"column":2},"end":{"line":39,"column":12}},"loc":{"start":{"line":41,"column":30},"end":{"line":44,"column":3}}},"7":{"name":"(anonymous_11)","decl":{"start":{"line":46,"column":2},"end":{"line":46,"column":10}},"loc":{"start":{"line":46,"column":28},"end":{"line":48,"column":3}}}},"branchMap":{},"s":{"0":1,"1":1,"2":1,"3":0,"4":0,"5":0,"6":0,"7":0,"8":0,"9":0,"10":0,"11":1,"12":1},"f":{"0":0,"1":0,"2":0,"3":0,"4":0,"5":0,"6":0,"7":0},"b":{}}
,"/Users/pamelaagustinhernandez/Desktop/CHECK EAT/check-eat-partner-api/src/modules/companies/domain/model/paymentMethods.ts": {"path":"/Users/pamelaagustinhernandez/Desktop/CHECK EAT/check-eat-partner-api/src/modules/companies/domain/model/paymentMethods.ts","statementMap":{"0":{"start":{"line":1,"column":0},"end":{"line":1,"column":null}},"1":{"start":{"line":2,"column":2},"end":{"line":2,"column":null}},"2":{"start":{"line":3,"column":2},"end":{"line":3,"column":null}},"3":{"start":{"line":4,"column":2},"end":{"line":4,"column":null}}},"fnMap":{"0":{"name":"(anonymous_0)","decl":{"start":{"line":1,"column":0},"end":{"line":1,"column":12}},"loc":{"start":{"line":1,"column":26},"end":{"line":5,"column":1}}}},"branchMap":{"0":{"loc":{"start":{"line":1,"column":12},"end":{"line":1,"column":null}},"type":"binary-expr","locations":[{"start":{"line":1,"column":12},"end":{"line":1,"column":26}},{"start":{"line":1,"column":26},"end":{"line":1,"column":null}}]}},"s":{"0":4,"1":4,"2":4,"3":4},"f":{"0":4},"b":{"0":[4,4]}}
,"/Users/pamelaagustinhernandez/Desktop/CHECK EAT/check-eat-partner-api/src/modules/menu/categories/application/controller/productcategory.controller.ts": {"path":"/Users/pamelaagustinhernandez/Desktop/CHECK EAT/check-eat-partner-api/src/modules/menu/categories/application/controller/productcategory.controller.ts","statementMap":{"0":{"start":{"line":1,"column":0},"end":{"line":1,"column":26}},"1":{"start":{"line":3,"column":0},"end":{"line":3,"column":47}},"2":{"start":{"line":4,"column":0},"end":{"line":4,"column":94}},"3":{"start":{"line":5,"column":0},"end":{"line":5,"column":94}},"4":{"start":{"line":11,"column":7},"end":{"line":93,"column":null}},"5":{"start":{"line":14,"column":12},"end":{"line":14,"column":50}},"6":{"start":{"line":18,"column":4},"end":{"line":29,"column":5}},"7":{"start":{"line":19,"column":24},"end":{"line":19,"column":73}},"8":{"start":{"line":20,"column":6},"end":{"line":23,"column":7}},"9":{"start":{"line":21,"column":8},"end":{"line":21,"column":66}},"10":{"start":{"line":22,"column":8},"end":{"line":22,"column":15}},"11":{"start":{"line":24,"column":26},"end":{"line":24,"column":64}},"12":{"start":{"line":25,"column":6},"end":{"line":25,"column":40}},"13":{"start":{"line":27,"column":6},"end":{"line":27,"column":27}},"14":{"start":{"line":28,"column":6},"end":{"line":28,"column":63}},"15":{"start":{"line":33,"column":4},"end":{"line":44,"column":5}},"16":{"start":{"line":34,"column":22},"end":{"line":34,"column":56}},"17":{"start":{"line":35,"column":48},"end":{"line":35,"column":66}},"18":{"start":{"line":36,"column":6},"end":{"line":40,"column":7}},"19":{"start":{"line":37,"column":8},"end":{"line":37,"column":38}},"20":{"start":{"line":39,"column":8},"end":{"line":39,"column":33}},"21":{"start":{"line":41,"column":6},"end":{"line":41,"column":37}},"22":{"start":{"line":43,"column":6},"end":{"line":43,"column":63}},"23":{"start":{"line":49,"column":29},"end":{"line":49,"column":78}},"24":{"start":{"line":50,"column":4},"end":{"line":54,"column":5}},"25":{"start":{"line":51,"column":6},"end":{"line":51,"column":56}},"26":{"start":{"line":52,"column":6},"end":{"line":52,"column":38}},"27":{"start":{"line":53,"column":6},"end":{"line":53,"column":13}},"28":{"start":{"line":55,"column":46},"end":{"line":55,"column":54}},"29":{"start":{"line":57,"column":4},"end":{"line":66,"column":5}},"30":{"start":{"line":58,"column":6},"end":{"line":62,"column":9}},"31":{"start":{"line":64,"column":6},"end":{"line":64,"column":63}},"32":{"start":{"line":65,"column":6},"end":{"line":65,"column":13}},"33":{"start":{"line":68,"column":4},"end":{"line":71,"column":5}},"34":{"start":{"line":69,"column":6},"end":{"line":69,"column":60}},"35":{"start":{"line":70,"column":6},"end":{"line":70,"column":13}},"36":{"start":{"line":73,"column":4},"end":{"line":76,"column":7}},"37":{"start":{"line":80,"column":4},"end":{"line":91,"column":5}},"38":{"start":{"line":81,"column":25},"end":{"line":81,"column":46}},"39":{"start":{"line":83,"column":23},"end":{"line":83,"column":65}},"40":{"start":{"line":84,"column":6},"end":{"line":88,"column":7}},"41":{"start":{"line":85,"column":8},"end":{"line":85,"column":62}},"42":{"start":{"line":87,"column":8},"end":{"line":87,"column":39}},"43":{"start":{"line":90,"column":6},"end":{"line":90,"column":53}},"44":{"start":{"line":11,"column":13},"end":{"line":11,"column":38}},"45":{"start":{"line":11,"column":13},"end":{"line":93,"column":null}}},"fnMap":{"0":{"name":"(anonymous_11)","decl":{"start":{"line":12,"column":2},"end":{"line":12,"column":null}},"loc":{"start":{"line":14,"column":50},"end":{"line":15,"column":6}}},"1":{"name":"(anonymous_12)","decl":{"start":{"line":17,"column":8},"end":{"line":17,"column":22}},"loc":{"start":{"line":17,"column":50},"end":{"line":30,"column":null}}},"2":{"name":"(anonymous_14)","decl":{"start":{"line":32,"column":8},"end":{"line":32,"column":25}},"loc":{"start":{"line":32,"column":53},"end":{"line":45,"column":null}}},"3":{"name":"(anonymous_16)","decl":{"start":{"line":47,"column":8},"end":{"line":47,"column":22}},"loc":{"start":{"line":47,"column":50},"end":{"line":77,"column":null}}},"4":{"name":"(anonymous_18)","decl":{"start":{"line":79,"column":8},"end":{"line":79,"column":16}},"loc":{"start":{"line":79,"column":44},"end":{"line":92,"column":null}}}},"branchMap":{"0":{"loc":{"start":{"line":20,"column":6},"end":{"line":23,"column":7}},"type":"if","locations":[{"start":{"line":20,"column":6},"end":{"line":23,"column":7}}]},"1":{"loc":{"start":{"line":36,"column":6},"end":{"line":40,"column":7}},"type":"if","locations":[{"start":{"line":36,"column":6},"end":{"line":40,"column":7}},{"start":{"line":38,"column":13},"end":{"line":40,"column":7}}]},"2":{"loc":{"start":{"line":50,"column":4},"end":{"line":54,"column":5}},"type":"if","locations":[{"start":{"line":50,"column":4},"end":{"line":54,"column":5}}]},"3":{"loc":{"start":{"line":68,"column":4},"end":{"line":71,"column":5}},"type":"if","locations":[{"start":{"line":68,"column":4},"end":{"line":71,"column":5}}]},"4":{"loc":{"start":{"line":84,"column":6},"end":{"line":88,"column":7}},"type":"if","locations":[{"start":{"line":84,"column":6},"end":{"line":88,"column":7}},{"start":{"line":86,"column":13},"end":{"line":88,"column":7}}]}},"s":{"0":2,"1":2,"2":2,"3":2,"4":2,"5":12,"6":4,"7":4,"8":4,"9":3,"10":3,"11":1,"12":1,"13":0,"14":0,"15":3,"16":3,"17":2,"18":2,"19":2,"20":0,"21":2,"22":1,"23":3,"24":3,"25":1,"26":1,"27":1,"28":2,"29":2,"30":2,"31":1,"32":1,"33":1,"34":0,"35":0,"36":1,"37":2,"38":2,"39":2,"40":2,"41":1,"42":1,"43":0,"44":2,"45":2},"f":{"0":12,"1":4,"2":3,"3":3,"4":2},"b":{"0":[3],"1":[2,0],"2":[1],"3":[0],"4":[1,1]}}
,"/Users/pamelaagustinhernandez/Desktop/CHECK EAT/check-eat-partner-api/src/modules/menu/categories/application/controller/validator/productcategory.create.validator.ts": {"path":"/Users/pamelaagustinhernandez/Desktop/CHECK EAT/check-eat-partner-api/src/modules/menu/categories/application/controller/validator/productcategory.create.validator.ts","statementMap":{"0":{"start":{"line":1,"column":0},"end":{"line":1,"column":22}},"1":{"start":{"line":3,"column":13},"end":{"line":12,"column":3}}},"fnMap":{},"branchMap":{},"s":{"0":2,"1":2},"f":{},"b":{}}
,"/Users/pamelaagustinhernandez/Desktop/CHECK EAT/check-eat-partner-api/src/modules/menu/categories/application/controller/validator/productcategory.update.validator.ts": {"path":"/Users/pamelaagustinhernandez/Desktop/CHECK EAT/check-eat-partner-api/src/modules/menu/categories/application/controller/validator/productcategory.update.validator.ts","statementMap":{"0":{"start":{"line":1,"column":0},"end":{"line":1,"column":22}},"1":{"start":{"line":3,"column":13},"end":{"line":12,"column":3}}},"fnMap":{},"branchMap":{},"s":{"0":2,"1":2},"f":{},"b":{}}
,"/Users/pamelaagustinhernandez/Desktop/CHECK EAT/check-eat-partner-api/src/modules/menu/categories/application/di/productcategory.container.ts": {"path":"/Users/pamelaagustinhernandez/Desktop/CHECK EAT/check-eat-partner-api/src/modules/menu/categories/application/di/productcategory.container.ts","statementMap":{"0":{"start":{"line":1,"column":0},"end":{"line":1,"column":26}},"1":{"start":{"line":2,"column":0},"end":{"line":2,"column":38}},"2":{"start":{"line":4,"column":0},"end":{"line":4,"column":93}},"3":{"start":{"line":6,"column":0},"end":{"line":6,"column":93}},"4":{"start":{"line":8,"column":0},"end":{"line":8,"column":85}},"5":{"start":{"line":10,"column":33},"end":{"line":10,"column":48}},"6":{"start":{"line":22,"column":9},"end":{"line":22,"column":33}},"7":{"start":{"line":12,"column":0},"end":{"line":14,"column":33}},"8":{"start":{"line":15,"column":0},"end":{"line":17,"column":33}},"9":{"start":{"line":18,"column":0},"end":{"line":20,"column":33}}},"fnMap":{},"branchMap":{},"s":{"0":2,"1":2,"2":2,"3":2,"4":2,"5":2,"6":2,"7":2,"8":2,"9":2},"f":{},"b":{}}
,"/Users/pamelaagustinhernandez/Desktop/CHECK EAT/check-eat-partner-api/src/modules/menu/categories/data/datasource/productcategory.datasource.ts": {"path":"/Users/pamelaagustinhernandez/Desktop/CHECK EAT/check-eat-partner-api/src/modules/menu/categories/data/datasource/productcategory.datasource.ts","statementMap":{"0":{"start":{"line":1,"column":0},"end":{"line":1,"column":26}},"1":{"start":{"line":4,"column":0},"end":{"line":4,"column":39}},"2":{"start":{"line":5,"column":0},"end":{"line":5,"column":68}},"3":{"start":{"line":6,"column":0},"end":{"line":6,"column":68}},"4":{"start":{"line":9,"column":7},"end":{"line":69,"column":null}},"5":{"start":{"line":11,"column":27},"end":{"line":11,"column":68}},"6":{"start":{"line":12,"column":32},"end":{"line":12,"column":59}},"7":{"start":{"line":13,"column":4},"end":{"line":13,"column":71}},"8":{"start":{"line":20,"column":4},"end":{"line":33,"column":5}},"9":{"start":{"line":21,"column":30},"end":{"line":24,"column":null}},"10":{"start":{"line":26,"column":6},"end":{"line":28,"column":7}},"11":{"start":{"line":27,"column":8},"end":{"line":27,"column":71}},"12":{"start":{"line":29,"column":6},"end":{"line":29,"column":18}},"13":{"start":{"line":31,"column":6},"end":{"line":31,"column":55}},"14":{"start":{"line":32,"column":6},"end":{"line":32,"column":18}},"15":{"start":{"line":37,"column":4},"end":{"line":37,"column":47}},"16":{"start":{"line":41,"column":4},"end":{"line":49,"column":5}},"17":{"start":{"line":42,"column":30},"end":{"line":42,"column":64}},"18":{"start":{"line":43,"column":6},"end":{"line":45,"column":9}},"19":{"start":{"line":44,"column":8},"end":{"line":44,"column":64}},"20":{"start":{"line":47,"column":6},"end":{"line":47,"column":58}},"21":{"start":{"line":48,"column":6},"end":{"line":48,"column":18}},"22":{"start":{"line":53,"column":4},"end":{"line":63,"column":5}},"23":{"start":{"line":54,"column":30},"end":{"line":54,"column":78}},"24":{"start":{"line":55,"column":6},"end":{"line":55,"column":85}},"25":{"start":{"line":56,"column":6},"end":{"line":58,"column":7}},"26":{"start":{"line":57,"column":8},"end":{"line":57,"column":71}},"27":{"start":{"line":59,"column":6},"end":{"line":59,"column":18}},"28":{"start":{"line":61,"column":6},"end":{"line":61,"column":60}},"29":{"start":{"line":62,"column":6},"end":{"line":62,"column":18}},"30":{"start":{"line":67,"column":4},"end":{"line":67,"column":47}},"31":{"start":{"line":9,"column":13},"end":{"line":9,"column":38}},"32":{"start":{"line":9,"column":13},"end":{"line":69,"column":null}}},"fnMap":{"0":{"name":"(anonymous_9)","decl":{"start":{"line":10,"column":8},"end":{"line":10,"column":14}},"loc":{"start":{"line":10,"column":45},"end":{"line":14,"column":null}}},"1":{"name":"(anonymous_11)","decl":{"start":{"line":16,"column":8},"end":{"line":16,"column":14}},"loc":{"start":{"line":18,"column":34},"end":{"line":34,"column":null}}},"2":{"name":"(anonymous_13)","decl":{"start":{"line":36,"column":8},"end":{"line":36,"column":14}},"loc":{"start":{"line":36,"column":33},"end":{"line":38,"column":null}}},"3":{"name":"(anonymous_15)","decl":{"start":{"line":40,"column":8},"end":{"line":40,"column":18}},"loc":{"start":{"line":40,"column":18},"end":{"line":50,"column":null}}},"4":{"name":"(anonymous_17)","decl":{"start":{"line":43,"column":33},"end":{"line":43,"column":41}},"loc":{"start":{"line":43,"column":44},"end":{"line":45,"column":7}}},"5":{"name":"(anonymous_18)","decl":{"start":{"line":52,"column":8},"end":{"line":52,"column":16}},"loc":{"start":{"line":52,"column":35},"end":{"line":64,"column":null}}},"6":{"name":"(anonymous_20)","decl":{"start":{"line":66,"column":8},"end":{"line":66,"column":20}},"loc":{"start":{"line":66,"column":33},"end":{"line":68,"column":null}}}},"branchMap":{"0":{"loc":{"start":{"line":26,"column":6},"end":{"line":28,"column":7}},"type":"if","locations":[{"start":{"line":26,"column":6},"end":{"line":28,"column":7}}]},"1":{"loc":{"start":{"line":56,"column":6},"end":{"line":58,"column":7}},"type":"if","locations":[{"start":{"line":56,"column":6},"end":{"line":58,"column":7}}]}},"s":{"0":2,"1":2,"2":2,"3":2,"4":2,"5":0,"6":0,"7":0,"8":0,"9":0,"10":0,"11":0,"12":0,"13":0,"14":0,"15":0,"16":0,"17":0,"18":0,"19":0,"20":0,"21":0,"22":0,"23":0,"24":0,"25":0,"26":0,"27":0,"28":0,"29":0,"30":0,"31":2,"32":2},"f":{"0":0,"1":0,"2":0,"3":0,"4":0,"5":0,"6":0},"b":{"0":[0],"1":[0]}}
,"/Users/pamelaagustinhernandez/Desktop/CHECK EAT/check-eat-partner-api/src/modules/menu/categories/data/datasource/mapper/productcategory.mapper.ts": {"path":"/Users/pamelaagustinhernandez/Desktop/CHECK EAT/check-eat-partner-api/src/modules/menu/categories/data/datasource/mapper/productcategory.mapper.ts","statementMap":{"0":{"start":{"line":2,"column":0},"end":{"line":2,"column":72}},"1":{"start":{"line":3,"column":0},"end":{"line":3,"column":null}},"2":{"start":{"line":12,"column":4},"end":{"line":15,"column":7}},"3":{"start":{"line":19,"column":4},"end":{"line":23,"column":6}},"4":{"start":{"line":27,"column":30},"end":{"line":27,"column":57}},"5":{"start":{"line":28,"column":0},"end":{"line":28,"column":37}}},"fnMap":{"0":{"name":"(anonymous_1)","decl":{"start":{"line":11,"column":2},"end":{"line":11,"column":11}},"loc":{"start":{"line":11,"column":39},"end":{"line":16,"column":3}}},"1":{"name":"(anonymous_2)","decl":{"start":{"line":18,"column":2},"end":{"line":18,"column":18}},"loc":{"start":{"line":18,"column":49},"end":{"line":24,"column":3}}}},"branchMap":{},"s":{"0":3,"1":3,"2":1,"3":1,"4":3,"5":3},"f":{"0":1,"1":1},"b":{}}
,"/Users/pamelaagustinhernandez/Desktop/CHECK EAT/check-eat-partner-api/src/modules/menu/categories/data/model/productcategory.schema.ts": {"path":"/Users/pamelaagustinhernandez/Desktop/CHECK EAT/check-eat-partner-api/src/modules/menu/categories/data/model/productcategory.schema.ts","statementMap":{"0":{"start":{"line":1,"column":0},"end":{"line":1,"column":54}},"1":{"start":{"line":9,"column":30},"end":{"line":36,"column":2}},"2":{"start":{"line":15,"column":26},"end":{"line":15,"column":51}},"3":{"start":{"line":18,"column":8},"end":{"line":18,"column":37}},"4":{"start":{"line":28,"column":26},"end":{"line":28,"column":51}},"5":{"start":{"line":31,"column":8},"end":{"line":31,"column":37}},"6":{"start":{"line":38,"column":0},"end":{"line":41,"column":2}}},"fnMap":{"0":{"name":"(anonymous_6)","decl":{"start":{"line":13,"column":17},"end":{"line":13,"column":18}},"loc":{"start":{"line":13,"column":35},"end":{"line":19,"column":7}}},"1":{"name":"(anonymous_7)","decl":{"start":{"line":26,"column":17},"end":{"line":26,"column":18}},"loc":{"start":{"line":26,"column":35},"end":{"line":32,"column":7}}}},"branchMap":{},"s":{"0":3,"1":3,"2":0,"3":0,"4":0,"5":0,"6":3},"f":{"0":0,"1":0},"b":{}}
,"/Users/pamelaagustinhernandez/Desktop/CHECK EAT/check-eat-partner-api/src/modules/menu/categories/data/repository/productcategory.repository.ts": {"path":"/Users/pamelaagustinhernandez/Desktop/CHECK EAT/check-eat-partner-api/src/modules/menu/categories/data/repository/productcategory.repository.ts","statementMap":{"0":{"start":{"line":1,"column":0},"end":{"line":1,"column":26}},"1":{"start":{"line":5,"column":0},"end":{"line":5,"column":47}},"2":{"start":{"line":8,"column":7},"end":{"line":40,"column":null}},"3":{"start":{"line":11,"column":12},"end":{"line":11,"column":50}},"4":{"start":{"line":15,"column":4},"end":{"line":15,"column":44}},"5":{"start":{"line":22,"column":4},"end":{"line":22,"column":56}},"6":{"start":{"line":26,"column":4},"end":{"line":26,"column":46}},"7":{"start":{"line":30,"column":4},"end":{"line":30,"column":48}},"8":{"start":{"line":34,"column":4},"end":{"line":34,"column":40}},"9":{"start":{"line":38,"column":4},"end":{"line":38,"column":46}},"10":{"start":{"line":8,"column":13},"end":{"line":8,"column":38}},"11":{"start":{"line":8,"column":13},"end":{"line":40,"column":null}}},"fnMap":{"0":{"name":"(anonymous_4)","decl":{"start":{"line":9,"column":2},"end":{"line":9,"column":null}},"loc":{"start":{"line":11,"column":50},"end":{"line":12,"column":6}}},"1":{"name":"(anonymous_5)","decl":{"start":{"line":14,"column":2},"end":{"line":14,"column":8}},"loc":{"start":{"line":14,"column":39},"end":{"line":16,"column":3}}},"2":{"name":"(anonymous_6)","decl":{"start":{"line":18,"column":2},"end":{"line":18,"column":8}},"loc":{"start":{"line":20,"column":34},"end":{"line":23,"column":3}}},"3":{"name":"(anonymous_7)","decl":{"start":{"line":25,"column":2},"end":{"line":25,"column":8}},"loc":{"start":{"line":25,"column":27},"end":{"line":27,"column":3}}},"4":{"name":"(anonymous_8)","decl":{"start":{"line":29,"column":2},"end":{"line":29,"column":10}},"loc":{"start":{"line":29,"column":29},"end":{"line":31,"column":3}}},"5":{"name":"(anonymous_9)","decl":{"start":{"line":33,"column":2},"end":{"line":33,"column":12}},"loc":{"start":{"line":33,"column":12},"end":{"line":35,"column":3}}},"6":{"name":"(anonymous_10)","decl":{"start":{"line":37,"column":2},"end":{"line":37,"column":14}},"loc":{"start":{"line":37,"column":27},"end":{"line":39,"column":3}}}},"branchMap":{},"s":{"0":2,"1":2,"2":2,"3":0,"4":0,"5":0,"6":0,"7":0,"8":0,"9":0,"10":2,"11":2},"f":{"0":0,"1":0,"2":0,"3":0,"4":0,"5":0,"6":0},"b":{}}
,"/Users/pamelaagustinhernandez/Desktop/CHECK EAT/check-eat-partner-api/src/modules/menu/products/application/controller/menu.controller.ts": {"path":"/Users/pamelaagustinhernandez/Desktop/CHECK EAT/check-eat-partner-api/src/modules/menu/products/application/controller/menu.controller.ts","statementMap":{"0":{"start":{"line":1,"column":0},"end":{"line":1,"column":26}},"1":{"start":{"line":3,"column":0},"end":{"line":3,"column":47}},"2":{"start":{"line":4,"column":0},"end":{"line":4,"column":52}},"3":{"start":{"line":9,"column":0},"end":{"line":9,"column":73}},"4":{"start":{"line":13,"column":7},"end":{"line":428,"column":null}},"5":{"start":{"line":16,"column":12},"end":{"line":16,"column":43}},"6":{"start":{"line":18,"column":12},"end":{"line":18,"column":58}},"7":{"start":{"line":20,"column":12},"end":{"line":20,"column":49}},"8":{"start":{"line":24,"column":4},"end":{"line":119,"column":5}},"9":{"start":{"line":25,"column":24},"end":{"line":25,"column":53}},"10":{"start":{"line":26,"column":6},"end":{"line":29,"column":7}},"11":{"start":{"line":27,"column":8},"end":{"line":27,"column":66}},"12":{"start":{"line":28,"column":8},"end":{"line":28,"column":15}},"13":{"start":{"line":31,"column":6},"end":{"line":34,"column":7}},"14":{"start":{"line":32,"column":8},"end":{"line":32,"column":72}},"15":{"start":{"line":33,"column":8},"end":{"line":33,"column":15}},"16":{"start":{"line":36,"column":25},"end":{"line":36,"column":44}},"17":{"start":{"line":37,"column":31},"end":{"line":37,"column":40}},"18":{"start":{"line":38,"column":6},"end":{"line":60,"column":7}},"19":{"start":{"line":39,"column":8},"end":{"line":44,"column":9}},"20":{"start":{"line":40,"column":10},"end":{"line":42,"column":74}},"21":{"start":{"line":43,"column":10},"end":{"line":43,"column":17}},"22":{"start":{"line":45,"column":8},"end":{"line":45,"column":50}},"23":{"start":{"line":47,"column":31},"end":{"line":47,"column":40}},"24":{"start":{"line":49,"column":8},"end":{"line":59,"column":9}},"25":{"start":{"line":50,"column":10},"end":{"line":57,"column":11}},"26":{"start":{"line":51,"column":12},"end":{"line":55,"column":17}},"27":{"start":{"line":56,"column":12},"end":{"line":56,"column":19}},"28":{"start":{"line":58,"column":10},"end":{"line":58,"column":48}},"29":{"start":{"line":62,"column":32},
[...]
":6},"end":{"line":46,"column":7}}]},"4":{"loc":{"start":{"line":49,"column":6},"end":{"line":52,"column":7}},"type":"if","locations":[{"start":{"line":49,"column":6},"end":{"line":52,"column":7}}]},"5":{"loc":{"start":{"line":53,"column":6},"end":{"line":56,"column":7}},"type":"if","locations":[{"start":{"line":53,"column":6},"end":{"line":56,"column":7}}]},"6":{"loc":{"start":{"line":70,"column":6},"end":{"line":73,"column":7}},"type":"if","locations":[{"start":{"line":70,"column":6},"end":{"line":73,"column":7}}]},"7":{"loc":{"start":{"line":76,"column":6},"end":{"line":79,"column":7}},"type":"if","locations":[{"start":{"line":76,"column":6},"end":{"line":79,"column":7}}]},"8":{"loc":{"start":{"line":80,"column":6},"end":{"line":83,"column":7}},"type":"if","locations":[{"start":{"line":80,"column":6},"end":{"line":83,"column":7}}]},"9":{"loc":{"start":{"line":97,"column":6},"end":{"line":100,"column":7}},"type":"if","locations":[{"start":{"line":97,"column":6},"end":{"line":100,"column":7}}]},"10":{"loc":{"start":{"line":113,"column":6},"end":{"line":116,"column":7}},"type":"if","locations":[{"start":{"line":113,"column":6},"end":{"line":116,"column":7}}]},"11":{"loc":{"start":{"line":118,"column":6},"end":{"line":121,"column":7}},"type":"if","locations":[{"start":{"line":118,"column":6},"end":{"line":121,"column":7}}]},"12":{"loc":{"start":{"line":123,"column":6},"end":{"line":126,"column":7}},"type":"if","locations":[{"start":{"line":123,"column":6},"end":{"line":126,"column":7}}]},"13":{"loc":{"start":{"line":133,"column":6},"end":{"line":136,"column":7}},"type":"if","locations":[{"start":{"line":133,"column":6},"end":{"line":136,"column":7}}]},"14":{"loc":{"start":{"line":145,"column":6},"end":{"line":148,"column":7}},"type":"if","locations":[{"start":{"line":145,"column":6},"end":{"line":148,"column":7}}]},"15":{"loc":{"start":{"line":161,"column":6},"end":{"line":164,"column":7}},"type":"if","locations":[{"start":{"line":161,"column":6},"end":{"line":164,"column":7}}]},"16":{"loc":{"start":{"line":177,"column":6},"end":{"line":180,"column":7}},"type":"if","locations":[{"start":{"line":177,"column":6},"end":{"line":180,"column":7}}]},"17":{"loc":{"start":{"line":183,"column":6},"end":{"line":186,"column":7}},"type":"if","locations":[{"start":{"line":183,"column":6},"end":{"line":186,"column":7}}]},"18":{"loc":{"start":{"line":188,"column":6},"end":{"line":191,"column":7}},"type":"if","locations":[{"start":{"line":188,"column":6},"end":{"line":191,"column":7}}]},"19":{"loc":{"start":{"line":195,"column":6},"end":{"line":197,"column":7}},"type":"if","locations":[{"start":{"line":195,"column":6},"end":{"line":197,"column":7}}]},"20":{"loc":{"start":{"line":206,"column":6},"end":{"line":209,"column":7}},"type":"if","locations":[{"start":{"line":206,"column":6},"end":{"line":209,"column":7}}]},"21":{"loc":{"start":{"line":212,"column":6},"end":{"line":215,"column":7}},"type":"if","locations":[{"start":{"line":212,"column":6},"end":{"line":215,"column":7}}]},"22":{"loc":{"start":{"line":217,"column":6},"end":{"line":220,"column":7}},"type":"if","locations":[{"start":{"line":217,"column":6},"end":{"line":220,"column":7}}]},"23":{"loc":{"start":{"line":225,"column":6},"end":{"line":228,"column":7}},"type":"if","locations":[{"start":{"line":225,"column":6},"end":{"line":228,"column":7}}]}},"s":{"0":1,"1":1,"2":1,"3":1,"4":1,"5":24,"6":0,"7":0,"8":0,"9":0,"10":0,"11":0,"12":0,"13":0,"14":0,"15":0,"16":0,"17":0,"18":0,"19":4,"20":4,"21":0,"22":0,"23":4,"24":4,"25":1,"26":1,"27":3,"28":1,"29":1,"30":2,"31":1,"32":1,"33":0,"34":0,"35":0,"36":0,"37":0,"38":0,"39":0,"40":0,"41":0,"42":0,"43":0,"44":0,"45":0,"46":0,"47":5,"48":5,"49":0,"50":0,"51":5,"52":5,"53":5,"54":1,"55":1,"56":4,"57":1,"58":1,"59":3,"60":3,"61":1,"62":1,"63":2,"64":1,"65":1,"66":1,"67":0,"68":1,"69":6,"70":6,"71":0,"72":0,"73":6,"74":6,"75":6,"76":5,"77":5,"78":1,"79":1,"80":0,"81":5,"82":5,"83":0,"84":0,"85":5,"86":5,"87":1,"88":1,"89":4,"90":1,"91":1,"92":3,"93":2,"94":0,"95":2,"96":1,"97":4,"98":4,"99":0,"100":0,"101":4,"102":4,"103":0,"104":0,"105":4,"106":1,"107":1,"108":3,"109":2,"110":1,"111":1,"112":1,"113":1,"114":1,"115":1},"f":{"0":24,"1":0,"2":4,"3":0,"4":5,"5":6,"6":5,"7":4},"b":{"0":[0],"1":[0],"2":[0],"3":[0],"4":[1],"5":[1],"6":[0],"7":[0],"8":[0],"9":[0],"10":[1],"11":[1],"12":[1],"13":[1],"14":[0],"15":[5],"16":[0],"17":[1],"18":[1],"19":[0],"20":[0],"21":[0],"22":[1],"23":[1]}}
,"/Users/pamelaagustinhernandez/Desktop/CHECK EAT/check-eat-partner-api/src/modules/subsidiaries/application/controller/validator/subsidiary.validator.ts": {"path":"/Users/pamelaagustinhernandez/Desktop/CHECK EAT/check-eat-partner-api/src/modules/subsidiaries/application/controller/validator/subsidiary.validator.ts","statementMap":{"0":{"start":{"line":1,"column":0},"end":{"line":1,"column":22}},"1":{"start":{"line":2,"column":0},"end":{"line":2,"column":70}},"2":{"start":{"line":4,"column":26},"end":{"line":25,"column":2}},"3":{"start":{"line":27,"column":26},"end":{"line":32,"column":null}},"4":{"start":{"line":35,"column":13},"end":{"line":109,"column":3}},"5":{"start":{"line":67,"column":25},"end":{"line":67,"column":73}},"6":{"start":{"line":67,"column":53},"end":{"line":67,"column":72}},"7":{"start":{"line":68,"column":23},"end":{"line":68,"column":69}},"8":{"start":{"line":68,"column":51},"end":{"line":68,"column":68}},"9":{"start":{"line":69,"column":22},"end":{"line":69,"column":67}},"10":{"start":{"line":69,"column":50},"end":{"line":69,"column":66}},"11":{"start":{"line":71,"column":6},"end":{"line":73,"column":7}},"12":{"start":{"line":72,"column":8},"end":{"line":72,"column":51}},"13":{"start":{"line":75,"column":6},"end":{"line":75,"column":19}}},"fnMap":{"0":{"name":"(anonymous_1)","decl":{"start":{"line":66,"column":12},"end":{"line":66,"column":13}},"loc":{"start":{"line":66,"column":31},"end":{"line":76,"column":5}}},"1":{"name":"(anonymous_2)","decl":{"start":{"line":67,"column":36},"end":{"line":67,"column":37}},"loc":{"start":{"line":67,"column":53},"end":{"line":67,"column":72}}},"2":{"name":"(anonymous_3)","decl":{"start":{"line":68,"column":34},"end":{"line":68,"column":35}},"loc":{"start":{"line":68,"column":51},"end":{"line":68,"column":68}}},"3":{"name":"(anonymous_4)","decl":{"start":{"line":69,"column":33},"end":{"line":69,"column":34}},"loc":{"start":{"line":69,"column":50},"end":{"line":69,"column":66}}}},"branchMap":{"0":{"loc":{"start":{"line":71,"column":6},"end":{"line":73,"column":7}},"type":"if","locations":[{"start":{"line":71,"column":6},"end":{"line":73,"column":7}}]},"1":{"loc":{"start":{"line":71,"column":10},"end":{"line":71,"column":61}},"type":"binary-expr","locations":[{"start":{"line":71,"column":11},"end":{"line":71,"column":21}},{"start":{"line":71,"column":25},"end":{"line":71,"column":32}},{"start":{"line":71,"column":38},"end":{"line":71,"column":48}},{"start":{"line":71,"column":52},"end":{"line":71,"column":60}}]}},"s":{"0":1,"1":1,"2":1,"3":1,"4":1,"5":5,"6":5,"7":5,"8":5,"9":5,"10":5,"11":5,"12":1,"13":4},"f":{"0":5,"1":5,"2":5,"3":5},"b":{"0":[1],"1":[5,5,4,4]}}
,"/Users/pamelaagustinhernandez/Desktop/CHECK EAT/check-eat-partner-api/src/modules/subsidiaries/application/di/subsidiary.container.ts": {"path":"/Users/pamelaagustinhernandez/Desktop/CHECK EAT/check-eat-partner-api/src/modules/subsidiaries/application/di/subsidiary.container.ts","statementMap":{"0":{"start":{"line":1,"column":0},"end":{"line":1,"column":26}},"1":{"start":{"line":2,"column":0},"end":{"line":2,"column":38}},"2":{"start":{"line":5,"column":0},"end":{"line":5,"column":83}},"3":{"start":{"line":6,"column":0},"end":{"line":6,"column":83}},"4":{"start":{"line":8,"column":0},"end":{"line":8,"column":72}},"5":{"start":{"line":10,"column":28},"end":{"line":10,"column":43}},"6":{"start":{"line":23,"column":9},"end":{"line":23,"column":28}},"7":{"start":{"line":12,"column":0},"end":{"line":14,"column":28}},"8":{"start":{"line":15,"column":0},"end":{"line":17,"column":28}},"9":{"start":{"line":19,"column":0},"end":{"line":21,"column":25}}},"fnMap":{},"branchMap":{},"s":{"0":1,"1":1,"2":1,"3":1,"4":1,"5":1,"6":1,"7":1,"8":1,"9":1},"f":{},"b":{}}
,"/Users/pamelaagustinhernandez/Desktop/CHECK EAT/check-eat-partner-api/src/modules/subsidiaries/data/datasource/subsidiary.datasource.ts": {"path":"/Users/pamelaagustinhernandez/Desktop/CHECK EAT/check-eat-partner-api/src/modules/subsidiaries/data/datasource/subsidiary.datasource.ts","statementMap":{"0":{"start":{"line":1,"column":0},"end":{"line":1,"column":26}},"1":{"start":{"line":4,"column":0},"end":{"line":4,"column":39}},"2":{"start":{"line":5,"column":0},"end":{"line":5,"column":58}},"3":{"start":{"line":6,"column":0},"end":{"line":6,"column":null}},"4":{"start":{"line":11,"column":7},"end":{"line":139,"column":null}},"5":{"start":{"line":13,"column":4},"end":{"line":23,"column":5}},"6":{"start":{"line":14,"column":27},"end":{"line":16,"column":8}},"7":{"start":{"line":17,"column":6},"end":{"line":19,"column":9}},"8":{"start":{"line":18,"column":8},"end":{"line":18,"column":61}},"9":{"start":{"line":21,"column":6},"end":{"line":21,"column":56}},"10":{"start":{"line":22,"column":6},"end":{"line":22,"column":18}},"11":{"start":{"line":27,"column":29},"end":{"line":27,"column":67}},"12":{"start":{"line":28,"column":34},"end":{"line":28,"column":63}},"13":{"start":{"line":30,"column":4},"end":{"line":30,"column":68}},"14":{"start":{"line":36,"column":4},"end":{"line":50,"column":5}},"15":{"start":{"line":37,"column":32},"end":{"line":42,"column":null}},"16":{"start":{"line":44,"column":6},"end":{"line":46,"column":7}},"17":{"start":{"line":45,"column":8},"end":{"line":45,"column":68}},"18":{"start":{"line":47,"column":6},"end":{"line":47,"column":18}},"19":{"start":{"line":49,"column":6},"end":{"line":49,"column":18}},"20":{"start":{"line":57,"column":4},"end":{"line":79,"column":5}},"21":{"start":{"line":58,"column":29},"end":{"line":66,"column":8}},"22":{"start":{"line":67,"column":32},"end":{"line":72,"column":null}},"23":{"start":{"line":74,"column":6},"end":{"line":75,"column":68}},"24":{"start":{"line":75,"column":8},"end":{"line":75,"column":68}},"25":{"start":{"line":76,"column":6},"end":{"line":76,"column":18}},"26":{"start":{"line":78,"column":6},"end":{"line":78,"column":18}},"27":{"start":{"line":86,"column":4},"end":{"line":108,"column":5}},"28":{"start":{"line":87,"column":29},"end":{"line":95,"column":8}},"29":{"start":{"line":96,"column":32},"end":{"line":101,"column":null}},"30":{"start":{"line":103,"column":6},"end":{"line":104,"column":68}},"31":{"start":{"line":104,"column":8},"end":{"line":104,"column":68}},"32":{"start":{"line":105,"column":6},"end":{"line":105,"column":18}},"33":{"start":{"line":107,"column":6},"end":{"line":107,"column":18}},"34":{"start":{"line":112,"column":4},"end":{"line":123,"column":5}},"35":{"start":{"line":113,"column":25},"end":{"line":115,"column":8}},"36":{"start":{"line":116,"column":6},"end":{"line":118,"column":7}},"37":{"start":{"line":117,"column":8},"end":{"line":117,"column":61}},"38":{"start":{"line":119,"column":6},"end":{"line":119,"column":18}},"39":{"start":{"line":121,"column":6},"end":{"line":121,"column":54}},"40":{"start":{"line":122,"column":6},"end":{"line":122,"column":18}},"41":{"start":{"line":127,"column":4},"end":{"line":137,"column":5}},"42":{"start":{"line":128,"column":27},"end":{"line":130,"column":8}},"43":{"start":{"line":131,"column":6},"end":{"line":133,"column":9}},"44":{"start":{"line":132,"column":8},"end":{"line":132,"column":61}},"45":{"start":{"line":135,"column":6},"end":{"line":135,"column":60}},"46":{"start":{"line":136,"column":6},"end":{"line":136,"column":18}},"47":{"start":{"line":11,"column":13},"end":{"line":11,"column":33}},"48":{"start":{"line":11,"column":13},"end":{"line":139,"column":null}}},"fnMap":{"0":{"name":"(anonymous_9)","decl":{"start":{"line":12,"column":8},"end":{"line":12,"column":14}},"loc":{"start":{"line":12,"column":37},"end":{"line":24,"column":null}}},"1":{"name":"(anonymous_11)","decl":{"start":{"line":17,"column":30},"end":{"line":17,"column":40}},"loc":{"start":{"line":17,"column":43},"end":{"line":19,"column":7}}},"2":{"name":"(anonymous_12)","decl":{"start":{"line":26,"column":8},"end":{"line":26,"column":14}},"loc":{"start":{"line":26,"column":42},"end":{"line":31,"column":null}}},"3":{"name":"(anonymous_14)","decl":{"start":{"line":32,"column":8},"end":{"line":32,"column":14}},"loc":{"start":{"line":34,"column":31},"end":{"line":51,"column":null}}},"4":{"name":"(anonymous_16)","decl":{"start":{"line":53,"column":8},"end":{"line":53,"column":14}},"loc":{"start":{"line":55,"column":30},"end":{"line":80,"column":null}}},"5":{"name":"(anonymous_18)","decl":{"start":{"line":82,"column":8},"end":{"line":82,"column":18}},"loc":{"start":{"line":84,"column":30},"end":{"line":109,"column":null}}},"6":{"name":"(anonymous_20)","decl":{"start":{"line":111,"column":8},"end":{"line":111,"column":16}},"loc":{"start":{"line":111,"column":37},"end":{"line":124,"column":null}}},"7":{"name":"(anonymous_22)","decl":{"start":{"line":126,"column":8},"end":{"line":126,"column":20}},"loc":{"start":{"line":126,"column":38},"end":{"line":138,"column":null}}},"8":{"name":"(anonymous_24)","decl":{"start":{"line":131,"column":30},"end":{"line":131,"column":40}},"loc":{"start":{"line":131,"column":43},"end":{"line":133,"column":7}}}},"branchMap":{"0":{"loc":{"start":{"line":44,"column":6},"end":{"line":46,"column":7}},"type":"if","locations":[{"start":{"line":44,"column":6},"end":{"line":46,"column":7}}]},"1":{"loc":{"start":{"line":74,"column":6},"end":{"line":75,"column":68}},"type":"if","locations":[{"start":{"line":74,"column":6},"end":{"line":75,"column":68}}]},"2":{"loc":{"start":{"line":103,"column":6},"end":{"line":104,"column":68}},"type":"if","locations":[{"start":{"line":103,"column":6},"end":{"line":104,"column":68}}]},"3":{"loc":{"start":{"line":116,"column":6},"end":{"line":118,"column":7}},"type":"if","locations":[{"start":{"line":116,"column":6},"end":{"line":118,"column":7}}]}},"s":{"0":1,"1":1,"2":1,"3":1,"4":1,"5":0,"6":0,"7":0,"8":0,"9":0,"10":0,"11":0,"12":0,"13":0,"14":0,"15":0,"16":0,"17":0,"18":0,"19":0,"20":0,"21":0,"22":0,"23":0,"24":0,"25":0,"26":0,"27":0,"28":0,"29":0,"30":0,"31":0,"32":0,"33":0,"34":0,"35":0,"36":0,"37":0,"38":0,"39":0,"40":0,"41":0,"42":0,"43":0,"44":0,"45":0,"46":0,"47":1,"48":1},"f":{"0":0,"1":0,"2":0,"3":0,"4":0,"5":0,"6":0,"7":0,"8":0},"b":{"0":[0],"1":[0],"2":[0],"3":[0]}}
,"/Users/pamelaagustinhernandez/Desktop/CHECK EAT/check-eat-partner-api/src/modules/subsidiaries/data/datasource/mapper/subsidiary.mapper.ts": {"path":"/Users/pamelaagustinhernandez/Desktop/CHECK EAT/check-eat-partner-api/src/modules/subsidiaries/data/datasource/mapper/subsidiary.mapper.ts","statementMap":{"0":{"start":{"line":2,"column":0},"end":{"line":2,"column":69}},"1":{"start":{"line":3,"column":0},"end":{"line":3,"column":79}},"2":{"start":{"line":7,"column":4},"end":{"line":44,"column":7}},"3":{"start":{"line":48,"column":4},"end":{"line":85,"column":6}},"4":{"start":{"line":89,"column":25},"end":{"line":89,"column":47}},"5":{"start":{"line":90,"column":0},"end":{"line":90,"column":32}}},"fnMap":{"0":{"name":"(anonymous_1)","decl":{"start":{"line":6,"column":2},"end":{"line":6,"column":11}},"loc":{"start":{"line":6,"column":34},"end":{"line":45,"column":3}}},"1":{"name":"(anonymous_2)","decl":{"start":{"line":47,"column":2},"end":{"line":47,"column":18}},"loc":{"start":{"line":47,"column":44},"end":{"line":86,"column":3}}}},"branchMap":{},"s":{"0":2,"1":2,"2":1,"3":1,"4":2,"5":2},"f":{"0":1,"1":1},"b":{}}
,"/Users/pamelaagustinhernandez/Desktop/CHECK EAT/check-eat-partner-api/src/modules/subsidiaries/data/model/subsidiary.schema.ts": {"path":"/Users/pamelaagustinhernandez/Desktop/CHECK EAT/check-eat-partner-api/src/modules/subsidiaries/data/model/subsidiary.schema.ts","statementMap":{"0":{"start":{"line":1,"column":0},"end":{"line":1,"column":54}},"1":{"start":{"line":3,"column":0},"end":{"line":3,"column":67}},"2":{"start":{"line":47,"column":25},"end":{"line":133,"column":2}},"3":{"start":{"line":135,"column":0},"end":{"line":138,"column":2}}},"fnMap":{},"branchMap":{},"s":{"0":2,"1":2,"2":2,"3":2},"f":{},"b":{}}
,"/Users/pamelaagustinhernandez/Desktop/CHECK EAT/check-eat-partner-api/src/modules/subsidiaries/data/repository/subsidiary.repository.ts": {"path":"/Users/pamelaagustinhernandez/Desktop/CHECK EAT/check-eat-partner-api/src/modules/subsidiaries/data/repository/subsidiary.repository.ts","statementMap":{"0":{"start":{"line":1,"column":0},"end":{"line":1,"column":26}},"1":{"start":{"line":5,"column":0},"end":{"line":5,"column":47}},"2":{"start":{"line":8,"column":7},"end":{"line":49,"column":null}},"3":{"start":{"line":11,"column":12},"end":{"line":11,"column":45}},"4":{"start":{"line":14,"column":4},"end":{"line":14,"column":50}},"5":{"start":{"line":18,"column":4},"end":{"line":18,"column":49}},"6":{"start":{"line":22,"column":4},"end":{"line":22,"column":46}},"7":{"start":{"line":29,"column":4},"end":{"line":29,"column":60}},"8":{"start":{"line":36,"column":4},"end":{"line":36,"column":68}},"9":{"start":{"line":43,"column":4},"end":{"line":43,"column":72}},"10":{"start":{"line":47,"column":4},"end":{"line":47,"column":50}},"11":{"start":{"line":8,"column":13},"end":{"line":8,"column":33}},"12":{"start":{"line":8,"column":13},"end":{"line":49,"column":null}}},"fnMap":{"0":{"name":"(anonymous_4)","decl":{"start":{"line":9,"column":2},"end":{"line":9,"column":null}},"loc":{"start":{"line":11,"column":45},"end":{"line":12,"column":6}}},"1":{"name":"(anonymous_5)","decl":{"start":{"line":13,"column":2},"end":{"line":13,"column":8}},"loc":{"start":{"line":13,"column":31},"end":{"line":15,"column":3}}},"2":{"name":"(anonymous_6)","decl":{"start":{"line":17,"column":2},"end":{"line":17,"column":14}},"loc":{"start":{"line":17,"column":30},"end":{"line":19,"column":3}}},"3":{"name":"(anonymous_7)","decl":{"start":{"line":21,"column":2},"end":{"line":21,"column":8}},"loc":{"start":{"line":21,"column":36},"end":{"line":23,"column":3}}},"4":{"name":"(anonymous_8)","decl":{"start":{"line":25,"column":2},"end":{"line":25,"column":8}},"loc":{"start":{"line":27,"column":31},"end":{"line":30,"column":3}}},"5":{"name":"(anonymous_9)","decl":{"start":{"line":32,"column":2},"end":{"line":32,"column":8}},"loc":{"start":{"line":34,"column":30},"end":{"line":37,"column":3}}},"6":{"name":"(anonymous_10)","decl":{"start":{"line":39,"column":2},"end":{"line":39,"column":12}},"loc":{"start":{"line":41,"column":30},"end":{"line":44,"column":3}}},"7":{"name":"(anonymous_11)","decl":{"start":{"line":46,"column":2},"end":{"line":46,"column":10}},"loc":{"start":{"line":46,"column":31},"end":{"line":48,"column":3}}}},"branchMap":{},"s":{"0":1,"1":1,"2":1,"3":0,"4":0,"5":0,"6":0,"7":0,"8":0,"9":0,"10":0,"11":1,"12":1},"f":{"0":0,"1":0,"2":0,"3":0,"4":0,"5":0,"6":0,"7":0},"b":{}}
,"/Users/pamelaagustinhernandez/Desktop/CHECK EAT/check-eat-partner-api/src/modules/subsidiaries/domain/model/paymentMethods.ts": {"path":"/Users/pamelaagustinhernandez/Desktop/CHECK EAT/check-eat-partner-api/src/modules/subsidiaries/domain/model/paymentMethods.ts","statementMap":{"0":{"start":{"line":1,"column":0},"end":{"line":1,"column":null}},"1":{"start":{"line":2,"column":2},"end":{"line":2,"column":null}},"2":{"start":{"line":3,"column":2},"end":{"line":3,"column":null}},"3":{"start":{"line":4,"column":2},"end":{"line":4,"column":null}}},"fnMap":{"0":{"name":"(anonymous_0)","decl":{"start":{"line":1,"column":0},"end":{"line":1,"column":12}},"loc":{"start":{"line":1,"column":26},"end":{"line":5,"column":1}}}},"branchMap":{"0":{"loc":{"start":{"line":1,"column":12},"end":{"line":1,"column":null}},"type":"binary-expr","locations":[{"start":{"line":1,"column":12},"end":{"line":1,"column":26}},{"start":{"line":1,"column":26},"end":{"line":1,"column":null}}]}},"s":{"0":2,"1":2,"2":2,"3":2},"f":{"0":2},"b":{"0":[2,2]}}
}
