TN:
SF:src/core/arch/mapper/base.mapper.ts
FNF:0
FNH:0
DA:1,15
LF:1
LH:1
BRF:0
BRH:0
end_of_record
TN:
SF:src/core/crypto/cipher.crypto.ts
FN:7,(anonymous_7)
FN:29,(anonymous_8)
FNF:2
FNH:0
FNDA:0,(anonymous_7)
FNDA:0,(anonymous_8)
DA:2,1
DA:3,1
DA:6,1
DA:8,0
DA:9,0
DA:13,0
DA:15,0
DA:16,0
DA:21,0
DA:23,0
DA:24,0
DA:26,0
DA:30,0
DA:31,0
DA:32,0
DA:33,0
DA:35,0
DA:36,0
DA:41,0
DA:43,0
DA:44,0
DA:46,0
DA:48,0
DA:49,0
LF:24
LH:3
BRDA:8,0,0,0
BRDA:8,0,1,0
BRDA:10,1,0,0
BRDA:10,1,1,0
BRDA:17,2,0,0
BRDA:17,2,1,0
BRDA:31,3,0,0
BRDA:31,3,1,0
BRDA:32,4,0,0
BRDA:32,4,1,0
BRDA:37,5,0,0
BRDA:37,5,1,0
BRF:12
BRH:0
end_of_record
TN:
SF:src/core/token/tokens.ts
FN:7,(anonymous_2)
FNF:1
FNH:0
FNDA:0,(anonymous_2)
DA:1,1
DA:3,1
DA:6,1
DA:8,0
DA:15,0
LF:5
LH:3
BRF:0
BRH:0
end_of_record
TN:
SF:src/modules/auth/application/controller/auth.controller.ts
FN:14,(anonymous_12)
FN:23,(anonymous_13)
FN:79,(anonymous_15)
FNF:3
FNH:3
FNDA:9,(anonymous_12)
FNDA:5,(anonymous_13)
FNDA:4,(anonymous_15)
DA:1,1
DA:2,1
DA:4,1
DA:7,1
DA:13,1
DA:16,9
DA:18,9
DA:20,9
DA:24,5
DA:26,5
DA:31,5
DA:32,5
DA:34,5
DA:35,2
DA:36,2
DA:37,2
DA:40,3
DA:42,3
DA:43,1
DA:44,1
DA:47,2
DA:49,2
DA:50,1
DA:51,1
DA:54,1
DA:56,1
DA:60,1
DA:65,1
DA:72,1
DA:74,0
DA:75,0
DA:80,4
DA:81,4
DA:83,4
DA:84,1
DA:85,1
DA:88,3
DA:90,3
DA:91,1
DA:92,1
DA:95,2
DA:96,2
DA:98,2
DA:100,2
DA:101,1
DA:102,1
DA:105,1
DA:109,1
DA:111,1
DA:112,0
DA:113,0
DA:116,1
DA:121,1
DA:128,1
DA:130,0
DA:131,0
LF:56
LH:50
BRDA:34,0,0,2
BRDA:42,1,0,1
BRDA:49,2,0,1
BRDA:83,3,0,1
BRDA:90,4,0,1
BRDA:100,5,0,1
BRDA:111,6,0,0
BRF:7
BRH:6
end_of_record
TN:
SF:src/modules/auth/application/controller/validator/auth.validator.ts
FNF:0
FNH:0
DA:1,1
DA:3,1
LF:2
LH:2
BRF:0
BRH:0
end_of_record
TN:
SF:src/modules/auth/application/di/auth.container.ts
FNF:0
FNH:0
DA:1,1
DA:2,1
DA:4,1
DA:6,1
DA:8,1
DA:10,1
DA:12,1
DA:14,1
DA:16,1
DA:17,1
DA:18,1
DA:19,1
DA:20,1
DA:24,1
LF:14
LH:14
BRF:0
BRH:0
end_of_record
TN:
SF:src/modules/auth/data/datasource/auth.datasource.ts
FN:15,(anonymous_15)
FN:46,(anonymous_17)
FN:60,(anonymous_19)
FN:71,(anonymous_21)
FNF:4
FNH:0
FNDA:0,(anonymous_15)
FNDA:0,(anonymous_17)
FNDA:0,(anonymous_19)
FNDA:0,(anonymous_21)
DA:1,1
DA:2,1
DA:7,1
DA:8,1
DA:9,1
DA:10,1
DA:11,1
DA:14,1
DA:16,0
DA:18,0
DA:24,0
DA:29,0
DA:33,0
DA:39,0
DA:40,0
DA:43,0
DA:47,0
DA:51,0
DA:53,0
DA:54,0
DA:57,0
DA:61,0
DA:62,0
DA:64,0
DA:65,0
DA:68,0
DA:72,0
DA:74,0
DA:75,0
DA:78,0
LF:30
LH:8
BRDA:39,0,0,0
BRDA:53,1,0,0
BRDA:64,2,0,0
BRDA:74,3,0,0
BRF:4
BRH:0
end_of_record
TN:
SF:src/modules/auth/data/datasource/mapper/auth.mapper.ts
FN:7,(anonymous_1)
FN:18,(anonymous_2)
FNF:2
FNH:2
FNDA:1,(anonymous_1)
FNDA:1,(anonymous_2)
DA:2,2
DA:3,2
DA:4,2
DA:8,1
DA:19,1
DA:31,2
DA:32,2
LF:7
LH:7
BRF:0
BRH:0
end_of_record
TN:
SF:src/modules/auth/data/datasource/mapper/authToken.mapper.ts
FN:6,(anonymous_1)
FN:14,(anonymous_2)
FNF:2
FNH:2
FNDA:1,(anonymous_1)
FNDA:1,(anonymous_2)
DA:2,2
DA:3,2
DA:7,1
DA:15,1
DA:23,2
DA:24,2
LF:6
LH:6
BRF:0
BRH:0
end_of_record
TN:
SF:src/modules/auth/data/model/partner.schema.ts
FNF:0
FNH:0
DA:2,2
DA:3,2
DA:4,2
DA:15,2
DA:46,2
DA:48,2
LF:6
LH:6
BRF:0
BRH:0
end_of_record
TN:
SF:src/modules/auth/data/model/token.schema.ts
FNF:0
FNH:0
DA:1,2
DA:9,2
DA:25,2
DA:26,2
LF:4
LH:4
BRF:0
BRH:0
end_of_record
TN:
SF:src/modules/auth/data/model/user.schema.ts
FNF:0
FNH:0
DA:1,2
DA:4,2
LF:2
LH:2
BRF:0
BRH:0
end_of_record
TN:
SF:src/modules/auth/data/repository/auth.repository.ts
FN:13,(anonymous_4)
FN:18,(anonymous_5)
FN:22,(anonymous_6)
FN:26,(anonymous_7)
FN:30,(anonymous_8)
FNF:5
FNH:0
FNDA:0,(anonymous_4)
FNDA:0,(anonymous_5)
FNDA:0,(anonymous_6)
FNDA:0,(anonymous_7)
FNDA:0,(anonymous_8)
DA:1,1
DA:2,1
DA:12,1
DA:15,0
DA:19,0
DA:23,0
DA:27,0
DA:31,0
LF:8
LH:3
BRF:0
BRH:0
end_of_record
TN:
SF:src/modules/auth/domain/model/role.model.ts
FN:1,(anonymous_0)
FNF:1
FNH:1
FNDA:2,(anonymous_0)
DA:1,2
DA:2,2
DA:3,2
DA:4,2
DA:5,2
DA:6,2
LF:6
LH:6
BRDA:1,0,0,2
BRDA:1,0,1,2
BRF:2
BRH:2
end_of_record
TN:
SF:src/modules/companies/application/controller/company.controller.ts
FN:12,(anonymous_12)
FN:16,(anonymous_13)
FN:40,(anonymous_15)
FN:67,(anonymous_17)
FN:94,(anonymous_19)
FN:142,(anonymous_21)
FN:175,(anonymous_23)
FN:204,(anonymous_25)
FNF:8
FNH:6
FNDA:24,(anonymous_12)
FNDA:0,(anonymous_13)
FNDA:4,(anonymous_15)
FNDA:0,(anonymous_17)
FNDA:5,(anonymous_19)
FNDA:6,(anonymous_21)
FNDA:5,(anonymous_23)
FNDA:4,(anonymous_25)
DA:1,1
DA:3,1
DA:6,1
DA:8,1
DA:11,1
DA:14,24
DA:17,0
DA:18,0
DA:19,0
DA:20,0
DA:23,0
DA:24,0
DA:25,0
DA:26,0
DA:30,0
DA:31,0
DA:32,0
DA:34,0
DA:36,0
DA:41,4
DA:42,4
DA:43,0
DA:44,0
DA:47,4
DA:48,4
DA:49,1
DA:50,1
DA:52,3
DA:53,1
DA:54,1
DA:57,2
DA:61,1
DA:63,1
DA:68,0
DA:69,0
DA:70,0
DA:71,0
DA:74,0
DA:75,0
DA:76,0
DA:77,0
DA:79,0
DA:80,0
DA:81,0
DA:84,0
DA:88,0
DA:90,0
DA:95,5
DA:96,5
DA:97,0
DA:98,0
DA:101,5
DA:111,5
DA:112,5
DA:113,1
DA:114,1
DA:117,4
DA:118,1
DA:119,1
DA:121,3
DA:122,3
DA:123,1
DA:124,1
DA:127,2
DA:132,1
DA:133,1
DA:134,1
DA:136,0
DA:138,1
DA:143,6
DA:144,6
DA:145,0
DA:146,0
DA:149,6
DA:159,6
DA:160,6
DA:161,5
DA:162,5
DA:166,1
DA:168,1
DA:170,0
DA:171,0
DA:176,5
DA:177,5
DA:178,0
DA:179,0
DA:182,5
DA:183,5
DA:184,1
DA:185,1
DA:188,4
DA:189,1
DA:190,1
DA:194,3
DA:195,2
DA:196,0
DA:198,2
DA:200,1
DA:205,4
DA:206,4
DA:207,0
DA:208,0
DA:211,4
DA:212,4
DA:213,0
DA:214,0
DA:217,4
DA:218,1
DA:219,1
DA:223,3
DA:225,2
DA:226,1
DA:227,1
DA:229,1
DA:231,1
LF:115
LH:72
BRDA:18,0,0,0
BRDA:24,1,0,0
BRDA:31,2,0,0
BRDA:42,3,0,0
BRDA:48,4,0,1
BRDA:52,5,0,1
BRDA:69,6,0,0
BRDA:75,7,0,0
BRDA:79,8,0,0
BRDA:96,9,0,0
BRDA:112,10,0,1
BRDA:117,11,0,1
BRDA:122,12,0,1
BRDA:132,13,0,1
BRDA:144,14,0,0
BRDA:160,15,0,5
BRDA:177,16,0,0
BRDA:183,17,0,1
BRDA:188,18,0,1
BRDA:195,19,0,0
BRDA:206,20,0,0
BRDA:212,21,0,0
BRDA:217,22,0,1
BRDA:225,23,0,1
BRF:24
BRH:11
end_of_record
TN:
SF:src/modules/companies/application/controller/validator/company.validator.ts
FN:58,(anonymous_1)
FN:59,(anonymous_2)
FN:60,(anonymous_3)
FN:61,(anonymous_4)
FNF:4
FNH:4
FNDA:5,(anonymous_1)
FNDA:5,(anonymous_2)
FNDA:5,(anonymous_3)
FNDA:5,(anonymous_4)
DA:1,1
DA:2,1
DA:4,1
DA:27,1
DA:59,5
DA:60,5
DA:61,5
DA:63,5
DA:64,1
DA:67,4
LF:10
LH:10
BRDA:63,0,0,1
BRDA:63,1,0,5
BRDA:63,1,1,5
BRDA:63,1,2,4
BRDA:63,1,3,4
BRF:5
BRH:5
end_of_record
TN:
SF:src/modules/companies/application/di/company.container.ts
FNF:0
FNH:0
DA:1,1
DA:2,1
DA:5,1
DA:6,1
DA:8,1
DA:10,1
DA:12,1
DA:15,1
DA:19,1
DA:23,1
LF:10
LH:10
BRF:0
BRH:0
end_of_record
TN:
SF:src/modules/companies/data/datasource/company.datasource.ts
FN:10,(anonymous_9)
FN:15,(anonymous_11)
FN:24,(anonymous_12)
FN:31,(anonymous_14)
FN:52,(anonymous_16)
FN:81,(anonymous_18)
FN:110,(anonymous_20)
FN:125,(anonymous_22)
FN:130,(anonymous_24)
FNF:9
FNH:0
FNDA:0,(anonymous_9)
FNDA:0,(anonymous_11)
FNDA:0,(anonymous_12)
FNDA:0,(anonymous_14)
FNDA:0,(anonymous_16)
FNDA:0,(anonymous_18)
FNDA:0,(anonymous_20)
FNDA:0,(anonymous_22)
FNDA:0,(anonymous_24)
DA:1,1
DA:4,1
DA:5,1
DA:6,1
DA:9,1
DA:11,0
DA:12,0
DA:15,0
DA:16,0
DA:19,0
DA:20,0
DA:25,0
DA:26,0
DA:28,0
DA:35,0
DA:36,0
DA:43,0
DA:44,0
DA:46,0
DA:48,0
DA:56,0
DA:57,0
DA:66,0
DA:73,0
DA:74,0
DA:75,0
DA:77,0
DA:85,0
DA:86,0
DA:95,0
DA:102,0
DA:103,0
DA:104,0
DA:106,0
DA:111,0
DA:112,0
DA:115,0
DA:116,0
DA:118,0
DA:120,0
DA:121,0
DA:126,0
DA:127,0
DA:130,0
DA:131,0
DA:134,0
DA:135,0
LF:47
LH:5
BRDA:43,0,0,0
BRDA:73,1,0,0
BRDA:102,2,0,0
BRDA:115,3,0,0
BRF:4
BRH:0
end_of_record
TN:
SF:src/modules/companies/data/datasource/mapper/company.mapper.ts
FN:6,(anonymous_1)
FN:46,(anonymous_2)
FNF:2
FNH:2
FNDA:1,(anonymous_1)
FNDA:1,(anonymous_2)
DA:2,2
DA:3,2
DA:7,1
DA:47,1
DA:87,2
DA:88,2
LF:6
LH:6
BRDA:34,0,0,1
BRDA:34,0,1,0
BRDA:34,1,0,0
BRDA:34,1,1,1
BRDA:34,2,0,1
BRDA:34,2,1,1
BRDA:35,3,0,1
BRDA:35,3,1,0
BRDA:35,4,0,0
BRDA:35,4,1,1
BRDA:35,5,0,1
BRDA:35,5,1,1
BRDA:36,6,0,1
BRDA:36,6,1,0
BRDA:36,7,0,0
BRDA:36,7,1,1
BRDA:36,8,0,1
BRDA:36,8,1,1
BRDA:37,9,0,0
BRDA:37,9,1,1
BRDA:37,10,0,1
BRDA:37,10,1,1
BRDA:74,11,0,1
BRDA:74,11,1,0
BRDA:74,12,0,0
BRDA:74,12,1,1
BRDA:74,13,0,1
BRDA:74,13,1,1
BRDA:75,14,0,1
BRDA:75,14,1,0
BRDA:75,15,0,0
BRDA:75,15,1,1
BRDA:75,16,0,1
BRDA:75,16,1,1
BRDA:76,17,0,1
BRDA:76,17,1,0
BRDA:76,18,0,0
BRDA:76,18,1,1
BRDA:76,19,0,1
BRDA:76,19,1,1
BRDA:77,20,0,0
BRDA:77,20,1,1
BRDA:77,21,0,1
BRDA:77,21,1,1
BRF:44
BRH:30
end_of_record
TN:
SF:src/modules/companies/data/model/company.schema.ts
FNF:0
FNH:0
DA:1,2
DA:3,2
DA:42,2
DA:137,2
LF:4
LH:4
BRF:0
BRH:0
end_of_record
TN:
SF:src/modules/companies/data/repository/company.repository.ts
FN:9,(anonymous_4)
FN:13,(anonymous_5)
FN:17,(anonymous_6)
FN:21,(anonymous_7)
FN:25,(anonymous_8)
FN:32,(anonymous_9)
FN:39,(anonymous_10)
FN:46,(anonymous_11)
FNF:8
FNH:0
FNDA:0,(anonymous_4)
FNDA:0,(anonymous_5)
FNDA:0,(anonymous_6)
FNDA:0,(anonymous_7)
FNDA:0,(anonymous_8)
FNDA:0,(anonymous_9)
FNDA:0,(anonymous_10)
FNDA:0,(anonymous_11)
DA:1,1
DA:5,1
DA:8,1
DA:11,0
DA:14,0
DA:18,0
DA:22,0
DA:29,0
DA:36,0
DA:43,0
DA:47,0
LF:11
LH:3
BRF:0
BRH:0
end_of_record
TN:
SF:src/modules/companies/domain/model/paymentMethods.ts
FN:1,(anonymous_0)
FNF:1
FNH:1
FNDA:4,(anonymous_0)
DA:1,4
DA:2,4
DA:3,4
DA:4,4
LF:4
LH:4
BRDA:1,0,0,4
BRDA:1,0,1,4
BRF:2
BRH:2
end_of_record
TN:
SF:src/modules/menu/categories/application/controller/productcategory.controller.ts
FN:12,(anonymous_11)
FN:17,(anonymous_12)
FN:32,(anonymous_14)
FN:47,(anonymous_16)
FN:79,(anonymous_18)
FNF:5
FNH:5
FNDA:12,(anonymous_11)
FNDA:4,(anonymous_12)
FNDA:3,(anonymous_14)
FNDA:3,(anonymous_16)
FNDA:2,(anonymous_18)
DA:1,2
DA:3,2
DA:4,2
DA:5,2
DA:11,2
DA:14,12
DA:18,4
DA:19,4
DA:20,4
DA:21,3
DA:22,3
DA:24,1
DA:25,1
DA:27,0
DA:28,0
DA:33,3
DA:34,3
DA:35,2
DA:36,2
DA:37,2
DA:39,0
DA:41,2
DA:43,1
DA:49,3
DA:50,3
DA:51,1
DA:52,1
DA:53,1
DA:55,2
DA:57,2
DA:58,2
DA:64,1
DA:65,1
DA:68,1
DA:69,0
DA:70,0
DA:73,1
DA:80,2
DA:81,2
DA:83,2
DA:84,2
DA:85,1
DA:87,1
DA:90,0
LF:44
LH:38
BRDA:20,0,0,3
BRDA:36,1,0,2
BRDA:36,1,1,0
BRDA:50,2,0,1
BRDA:68,3,0,0
BRDA:84,4,0,1
BRDA:84,4,1,1
BRF:7
BRH:5
end_of_record
TN:
SF:src/modules/menu/categories/application/controller/validator/productcategory.create.validator.ts
FNF:0
FNH:0
DA:1,2
DA:3,2
LF:2
LH:2
BRF:0
BRH:0
end_of_record
TN:
SF:src/modules/menu/categories/application/controller/validator/productcategory.update.validator.ts
FNF:0
FNH:0
DA:1,2
DA:3,2
LF:2
LH:2
BRF:0
BRH:0
end_of_record
TN:
SF:src/modules/menu/categories/application/di/productcategory.container.ts
FNF:0
FNH:0
DA:1,2
DA:2,2
DA:4,2
DA:6,2
DA:8,2
DA:10,2
DA:12,2
DA:15,2
DA:18,2
DA:22,2
LF:10
LH:10
BRF:0
BRH:0
end_of_record
TN:
SF:src/modules/menu/categories/data/datasource/productcategory.datasource.ts
FN:10,(anonymous_9)
FN:16,(anonymous_11)
FN:36,(anonymous_13)
FN:40,(anonymous_15)
FN:43,(anonymous_17)
FN:52,(anonymous_18)
FN:66,(anonymous_20)
FNF:7
FNH:0
FNDA:0,(anonymous_9)
FNDA:0,(anonymous_11)
FNDA:0,(anonymous_13)
FNDA:0,(anonymous_15)
FNDA:0,(anonymous_17)
FNDA:0,(anonymous_18)
FNDA:0,(anonymous_20)
DA:1,2
DA:4,2
DA:5,2
DA:6,2
DA:9,2
DA:11,0
DA:12,0
DA:13,0
DA:20,0
DA:21,0
DA:26,0
DA:27,0
DA:29,0
DA:31,0
DA:32,0
DA:37,0
DA:41,0
DA:42,0
DA:43,0
DA:44,0
DA:47,0
DA:48,0
DA:53,0
DA:54,0
DA:55,0
DA:56,0
DA:57,0
DA:59,0
DA:61,0
DA:62,0
DA:67,0
LF:31
LH:5
BRDA:26,0,0,0
BRDA:56,1,0,0
BRF:2
BRH:0
end_of_record
TN:
SF:src/modules/menu/categories/data/datasource/mapper/productcategory.mapper.ts
FN:11,(anonymous_1)
FN:18,(anonymous_2)
FNF:2
FNH:2
FNDA:1,(anonymous_1)
FNDA:1,(anonymous_2)
DA:2,3
DA:3,3
DA:12,1
DA:19,1
DA:27,3
DA:28,3
LF:6
LH:6
BRF:0
BRH:0
end_of_record
TN:
SF:src/modules/menu/categories/data/model/productcategory.schema.ts
FN:13,(anonymous_6)
FN:26,(anonymous_7)
FNF:2
FNH:0
FNDA:0,(anonymous_6)
FNDA:0,(anonymous_7)
DA:1,3
DA:9,3
DA:15,0
DA:18,0
DA:28,0
DA:31,0
DA:38,3
LF:7
LH:3
BRF:0
BRH:0
end_of_record
TN:
SF:src/modules/menu/categories/data/repository/productcategory.repository.ts
FN:9,(anonymous_4)
FN:14,(anonymous_5)
FN:18,(anonymous_6)
FN:25,(anonymous_7)
FN:29,(anonymous_8)
FN:33,(anonymous_9)
FN:37,(anonymous_10)
FNF:7
FNH:0
FNDA:0,(anonymous_4)
FNDA:0,(anonymous_5)
FNDA:0,(anonymous_6)
FNDA:0,(anonymous_7)
FNDA:0,(anonymous_8)
FNDA:0,(anonymous_9)
FNDA:0,(anonymous_10)
DA:1,2
DA:5,2
DA:8,2
DA:11,0
DA:15,0
DA:22,0
DA:26,0
DA:30,0
DA:34,0
DA:38,0
LF:10
LH:3
BRF:0
BRH:0
end_of_record
TN:
SF:src/modules/menu/products/application/controller/menu.controller.ts
FN:14,(anonymous_12)
FN:23,(anonymous_13)
FN:72,(anonymous_15)
FN:77,(anonymous_16)
FN:92,(anonymous_17)
FN:122,(anonymous_18)
FN:131,(anonymous_20)
FN:134,(anonymous_21)
FN:152,(anonymous_22)
FN:164,(anonymous_23)
FN:212,(anonymous_25)
FN:227,(anonymous_26)
FN:297,(anonymous_27)
FN:321,(anonymous_28)
FN:338,(anonymous_29)
FN:348,(anonymous_30)
FN:355,(anonymous_31)
FN:358,(anonymous_32)
FN:368,(anonymous_33)
FN:386,(anonymous_34)
FN:395,(anonymous_36)
FN:399,(anonymous_37)
FN:417,(anonymous_38)
FNF:23
FNH:2
FNDA:1,(anonymous_12)
FNDA:1,(anonymous_13)
FNDA:0,(anonymous_15)
FNDA:0,(anonymous_16)
FNDA:0,(anonymous_17)
FNDA:0,(anonymous_18)
FNDA:0,(anonymous_20)
FNDA:0,(anonymous_21)
FNDA:0,(anonymous_22)
FNDA:0,(anonymous_23)
FNDA:0,(anonymous_25)
FNDA:0,(anonymous_26)
FNDA:0,(anonymous_27)
FNDA:0,(anonymous_28)
FNDA:0,(anonymous_29)
FNDA:0,(anonymous_30)
FNDA:0,(anonymous_31)
FNDA:0,(anonymous_32)
FNDA:0,(anonymous_33)
FNDA:0,(anonymous_34)
FNDA:0,(anonymous_36)
FNDA:0,(anonymous_37)
FNDA:0,(anonymous_38)
DA:1,1
DA:3,1
DA:4,1
DA:9,1
DA:13,1
DA:16,1
DA:18,1
DA:20,1
DA:24,1
DA:25,1
DA:26,1
DA:27,0
DA:28,0
DA:31,1
DA:32,0
DA:33,0
DA:36,1
DA:37,1
DA:38,1
DA:39,1
DA:40,0
DA:43,0
DA:45,1
DA:47,1
DA:49,1
DA:50,2
DA:51,0
DA:56,0
DA:58,2
DA:62,1
DA:63,1
DA:64,1
DA:65,0
DA:68,0
DA:70,1
DA:72,1
DA:74,1
DA:75,1
DA:77,1
DA:79,0
DA:83,1
DA:84,1
DA:87,1
DA:90,0
DA:91,0
DA:92,0
DA:94,0
DA:95,0
DA:96,0
DA:99,0
DA:101,0
DA:103,0
DA:106,0
DA:107,0
DA:110,0
DA:114,0
DA:115,0
DA:117,0
DA:118,0
DA:123,0
DA:124,0
DA:125,0
DA:126,0
DA:127,0
DA:128,0
DA:131,0
DA:132,0
DA:133,0
DA:134,0
DA:136,0
DA:137,0
DA:140,0
DA:141,0
DA:142,0
DA:143,0
DA:144,0
DA:145,0
DA:146,0
DA:147,0
DA:148,0
DA:149,0
DA:151,0
DA:152,0
DA:158,0
DA:160,0
DA:165,0
DA:166,0
DA:167,0
DA:168,0
DA:169,0
DA:170,0
DA:172,0
DA:173,0
DA:174,0
DA:177,0
DA:178,0
DA:179,0
DA:180,0
DA:181,0
DA:184,0
DA:186,0
DA:188,0
DA:189,0
DA:190,0
DA:191,0
DA:196,0
DA:198,0
DA:202,0
DA:203,0
DA:204,0
DA:205,0
DA:208,0
DA:210,0
DA:212,0
DA:214,0
DA:215,0
DA:218,0
DA:219,0
DA:222,0
DA:225,0
DA:226,0
DA:227,0
DA:229,0
DA:230,0
DA:231,0
DA:234,0
DA:236,0
DA:238,0
DA:241,0
DA:242,0
DA:245,0
DA:250,0
DA:251,0
DA:252,0
DA:256,0
DA:257,0
DA:262,0
DA:264,0
DA:269,0
DA:274,0
DA:275,0
DA:278,0
DA:279,0
DA:284,0
DA:286,0
DA:291,0
DA:295,0
DA:296,0
DA:297,0
DA:299,0
DA:300,0
DA:301,0
DA:302,0
DA:307,0
DA:309,0
DA:314,0
DA:318,0
DA:319,0
DA:320,0
DA:321,0
DA:323,0
DA:324,0
DA:325,0
DA:327,0
DA:328,0
DA:330,0
DA:335,0
DA:336,0
DA:337,0
DA:338,0
DA:340,0
DA:341,0
DA:346,0
DA:347,0
DA:348,0
DA:350,0
DA:351,0
DA:355,0
DA:356,0
DA:357,0
DA:358,0
DA:360,0
DA:361,0
DA:364,0
DA:365,0
DA:367,0
DA:368,0
DA:374,0
DA:375,0
DA:377,0
DA:378,0
DA:379,0
DA:381,0
DA:387,0
DA:388,0
DA:389,0
DA:390,0
DA:391,0
DA:392,0
DA:395,0
DA:397,0
DA:398,0
DA:399,0
DA:401,0
DA:402,0
DA:405,0
DA:406,0
DA:407,0
DA:408,0
DA:409,0
DA:410,0
DA:411,0
DA:412,0
DA:413,0
DA:414,0
DA:416,0
DA:417,0
DA:423,0
DA:425,0
LF:219
LH:32
BRDA:26,0,0,0
BRDA:31,1,0,0
BRDA:31,2,0,1
BRDA:31,2,1,1
BRDA:39,3,0,0
BRDA:50,4,0,0
BRDA:64,5,0,0
BRDA:83,6,0,1
BRDA:95,7,0,0
BRDA:106,8,0,0
BRDA:126,9,0,0
BRDA:140,10,0,0
BRDA:140,10,1,0
BRDA:172,11,0,0
BRDA:180,12,0,0
BRDA:190,13,0,0
BRDA:204,14,0,0
BRDA:218,15,0,0
BRDA:230,16,0,0
BRDA:241,17,0,0
BRDA:256,18,0,0
BRDA:256,18,1,0
BRDA:278,19,0,0
BRDA:278,19,1,0
BRDA:295,20,0,0
BRDA:299,21,0,0
BRDA:299,21,1,0
BRDA:300,22,0,0
BRDA:318,23,0,0
BRDA:323,24,0,0
BRDA:324,25,0,0
BRDA:327,26,0,0
BRDA:335,27,0,0
BRDA:340,28,0,0
BRDA:346,29,0,0
BRDA:350,30,0,0
BRDA:364,31,0,0
BRDA:364,31,1,0
BRDA:378,32,0,0
BRDA:378,32,1,0
BRDA:390,33,0,0
BRDA:405,34,0,0
BRDA:405,34,1,0
BRF:43
BRH:3
end_of_record
TN:
SF:src/modules/menu/products/application/controller/product.controller.ts
FN:11,(anonymous_12)
FN:16,(anonymous_13)
FN:31,(anonymous_15)
FN:51,(anonymous_17)
FN:76,(anonymous_19)
FN:91,(anonymous_21)
FNF:6
FNH:6
FNDA:14,(anonymous_12)
FNDA:4,(anonymous_13)
FNDA:3,(anonymous_15)
FNDA:3,(anonymous_17)
FNDA:2,(anonymous_19)
FNDA:2,(anonymous_21)
DA:1,2
DA:3,2
DA:4,2
DA:7,2
DA:10,2
DA:13,14
DA:17,4
DA:18,4
DA:19,4
DA:20,3
DA:21,3
DA:23,1
DA:24,1
DA:26,0
DA:27,0
DA:32,3
DA:33,3
DA:35,3
DA:36,1
DA:37,1
DA:39,2
DA:40,1
DA:41,1
DA:44,1
DA:45,1
DA:47,0
DA:52,3
DA:53,3
DA:54,3
DA:55,0
DA:56,0
DA:58,3
DA:59,1
DA:60,1
DA:63,2
DA:64,2
DA:65,0
DA:66,0
DA:68,2
DA:70,1
DA:72,1
DA:77,2
DA:78,2
DA:80,2
DA:81,2
DA:82,1
DA:84,1
DA:87,0
DA:92,2
DA:93,2
DA:94,1
DA:96,1
LF:52
LH:44
BRDA:19,0,0,3
BRDA:35,1,0,1
BRDA:39,2,0,1
BRDA:54,3,0,0
BRDA:58,4,0,1
BRDA:64,5,0,0
BRDA:81,6,0,1
BRDA:81,6,1,1
BRF:8
BRH:6
end_of_record
TN:
SF:src/modules/menu/products/application/controller/validator/menu.validator.ts
FNF:0
FNH:0
DA:1,1
DA:3,1
DA:8,1
DA:15,1
DA:20,1
LF:5
LH:5
BRF:0
BRH:0
end_of_record
TN:
SF:src/modules/menu/products/application/controller/validator/product.validator.ts
FN:28,isValidObjectId
FNF:1
FNH:1
FNDA:5,isValidObjectId
DA:1,2
DA:3,2
DA:26,2
DA:28,2
DA:29,5
DA:30,5
LF:6
LH:6
BRF:0
BRH:0
end_of_record
TN:
SF:src/modules/menu/products/application/controller/validator/sortposition.validator.ts
FN:1,adjustSortPositions
FN:3,(anonymous_1)
FN:6,(anonymous_2)
FN:12,(anonymous_3)
FNF:4
FNH:0
FNDA:0,adjustSortPositions
FNDA:0,(anonymous_1)
FNDA:0,(anonymous_2)
FNDA:0,(anonymous_3)
DA:1,1
DA:2,0
DA:3,0
DA:5,0
DA:6,0
DA:9,0
DA:10,0
DA:11,0
DA:13,0
DA:16,0
DA:17,0
DA:18,0
DA:23,0
LF:13
LH:1
BRDA:9,0,0,0
BRDA:13,1,0,0
BRDA:13,1,1,0
BRDA:16,2,0,0
BRF:4
BRH:0
end_of_record
TN:
SF:src/modules/menu/products/application/di/menu.container.ts
FNF:0
FNH:0
DA:1,1
DA:2,1
DA:5,1
DA:6,1
DA:7,1
DA:10,1
DA:12,1
DA:15,1
DA:16,1
DA:18,1
DA:20,1
DA:21,1
DA:22,1
DA:23,1
DA:26,1
DA:29,1
DA:32,1
DA:36,1
LF:18
LH:18
BRF:0
BRH:0
end_of_record
TN:
SF:src/modules/menu/products/application/di/product.container.ts
FNF:0
FNH:0
DA:1,2
DA:2,2
DA:5,2
DA:6,2
DA:8,2
DA:10,2
DA:12,2
DA:15,2
DA:18,2
DA:22,2
LF:10
LH:10
BRF:0
BRH:0
end_of_record
TN:
SF:src/modules/menu/products/data/datasource/menu.datasource.ts
FN:10,(anonymous_9)
FN:16,(anonymous_11)
FN:29,(anonymous_13)
FN:42,(anonymous_15)
FNF:4
FNH:0
FNDA:0,(anonymous_9)
FNDA:0,(anonymous_11)
FNDA:0,(anonymous_13)
FNDA:0,(anonymous_15)
DA:1,1
DA:2,1
DA:5,1
DA:6,1
DA:9,1
DA:11,0
DA:12,0
DA:13,0
DA:17,0
DA:18,0
DA:19,0
DA:20,0
DA:22,0
DA:24,0
DA:25,0
DA:30,0
DA:31,0
DA:32,0
DA:33,0
DA:35,0
DA:37,0
DA:38,0
DA:43,0
DA:44,0
DA:49,0
DA:50,0
DA:52,0
DA:54,0
DA:55,0
LF:29
LH:5
BRDA:19,0,0,0
BRDA:32,1,0,0
BRDA:49,2,0,0
BRF:3
BRH:0
end_of_record
TN:
SF:src/modules/menu/products/data/datasource/product.datasource.ts
FN:10,(anonymous_9)
FN:16,(anonymous_11)
FN:36,(anonymous_13)
FN:49,(anonymous_15)
FN:62,(anonymous_17)
FN:65,(anonymous_19)
FNF:6
FNH:0
FNDA:0,(anonymous_9)
FNDA:0,(anonymous_11)
FNDA:0,(anonymous_13)
FNDA:0,(anonymous_15)
FNDA:0,(anonymous_17)
FNDA:0,(anonymous_19)
DA:1,2
DA:4,2
DA:5,2
DA:6,2
DA:9,2
DA:11,0
DA:12,0
DA:13,0
DA:20,0
DA:21,0
DA:26,0
DA:27,0
DA:29,0
DA:31,0
DA:32,0
DA:37,0
DA:38,0
DA:39,0
DA:40,0
DA:42,0
DA:44,0
DA:45,0
DA:50,0
DA:51,0
DA:52,0
DA:53,0
DA:55,0
DA:57,0
DA:58,0
DA:63,0
DA:64,0
DA:65,0
DA:66,0
DA:69,0
DA:70,0
LF:35
LH:5
BRDA:26,0,0,0
BRDA:39,1,0,0
BRDA:52,2,0,0
BRF:3
BRH:0
end_of_record
TN:
SF:src/modules/menu/products/data/datasource/mapper/menu.mapper.ts
FN:6,(anonymous_1)
FN:7,(anonymous_2)
FN:12,(anonymous_3)
FN:35,(anonymous_4)
FN:39,(anonymous_5)
FN:44,(anonymous_6)
FNF:6
FNH:6
FNDA:1,(anonymous_1)
FNDA:1,(anonymous_2)
FNDA:1,(anonymous_3)
FNDA:1,(anonymous_4)
FNDA:1,(anonymous_5)
FNDA:1,(anonymous_6)
DA:2,2
DA:3,2
DA:7,1
DA:12,1
DA:28,1
DA:36,1
DA:39,1
DA:44,1
DA:63,2
DA:64,2
LF:10
LH:10
BRF:0
BRH:0
end_of_record
TN:
SF:src/modules/menu/products/data/datasource/mapper/product.mapper.ts
FN:6,(anonymous_1)
FN:21,(anonymous_2)
FNF:2
FNH:2
FNDA:1,(anonymous_1)
FNDA:1,(anonymous_2)
DA:2,3
DA:3,3
DA:7,1
DA:22,1
DA:37,3
DA:38,3
LF:6
LH:6
BRF:0
BRH:0
end_of_record
TN:
SF:src/modules/menu/products/data/model/menu.schema.ts
FNF:0
FNH:0
DA:1,2
DA:35,2
DA:72,2
DA:74,2
LF:4
LH:4
BRF:0
BRH:0
end_of_record
TN:
SF:src/modules/menu/products/data/model/product.schema.ts
FNF:0
FNH:0
DA:1,3
DA:20,3
DA:33,3
DA:35,3
LF:4
LH:4
BRF:0
BRH:0
end_of_record
TN:
SF:src/modules/menu/products/data/repository/menu.repository.ts
FN:9,(anonymous_4)
FN:14,(anonymous_5)
FN:18,(anonymous_6)
FN:22,(anonymous_7)
FN:26,(anonymous_8)
FNF:5
FNH:0
FNDA:0,(anonymous_4)
FNDA:0,(anonymous_5)
FNDA:0,(anonymous_6)
FNDA:0,(anonymous_7)
FNDA:0,(anonymous_8)
DA:1,1
DA:5,1
DA:8,1
DA:11,0
DA:15,0
DA:19,0
DA:23,0
DA:27,0
LF:8
LH:3
BRF:0
BRH:0
end_of_record
TN:
SF:src/modules/menu/products/data/repository/product.repository.ts
FN:9,(anonymous_4)
FN:14,(anonymous_5)
FN:18,(anonymous_6)
FN:25,(anonymous_7)
FN:29,(anonymous_8)
FN:33,(anonymous_9)
FNF:6
FNH:0
FNDA:0,(anonymous_4)
FNDA:0,(anonymous_5)
FNDA:0,(anonymous_6)
FNDA:0,(anonymous_7)
FNDA:0,(anonymous_8)
FNDA:0,(anonymous_9)
DA:1,2
DA:5,2
DA:8,2
DA:11,0
DA:15,0
DA:22,0
DA:26,0
DA:30,0
DA:34,0
LF:9
LH:3
BRF:0
BRH:0
end_of_record
TN:
SF:src/modules/selling/application/controller/sale.controller.ts
FN:13,(anonymous_11)
FN:18,(anonymous_12)
FNF:2
FNH:2
FNDA:6,(anonymous_11)
FNDA:6,(anonymous_12)
DA:1,1
DA:3,1
DA:6,1
DA:12,1
DA:15,6
DA:19,6
DA:20,6
DA:22,6
DA:23,6
DA:25,6
DA:26,6
DA:27,6
DA:28,6
DA:29,6
DA:30,6
DA:31,6
DA:33,6
DA:35,6
DA:36,0
DA:39,6
DA:40,2
DA:43,6
DA:44,1
DA:45,1
DA:46,1
DA:48,1
DA:49,1
DA:50,0
DA:51,0
DA:52,0
DA:53,0
DA:57,6
DA:58,0
DA:61,6
DA:62,4
DA:65,6
DA:66,0
DA:67,6
DA:68,0
DA:69,6
DA:70,0
DA:76,6
DA:77,6
DA:78,6
DA:79,6
DA:81,6
DA:82,2
DA:83,2
DA:84,2
DA:87,4
DA:88,1
DA:89,1
DA:90,1
DA:93,3
DA:94,2
DA:95,2
DA:98,1
DA:104,1
DA:108,0
DA:109,0
LF:60
LH:49
BRDA:35,0,0,0
BRDA:39,1,0,2
BRDA:43,2,0,1
BRDA:48,3,0,1
BRDA:48,3,1,0
BRDA:50,4,0,0
BRDA:50,4,1,0
BRDA:52,5,0,0
BRDA:57,6,0,0
BRDA:61,7,0,4
BRDA:65,8,0,0
BRDA:65,8,1,6
BRDA:65,9,0,6
BRDA:65,9,1,0
BRDA:67,10,0,0
BRDA:67,10,1,6
BRDA:67,11,0,6
BRDA:67,11,1,6
BRDA:69,12,0,0
BRDA:69,13,0,6
BRDA:69,13,1,0
BRDA:81,14,0,2
BRDA:87,15,0,1
BRDA:93,16,0,2
BRDA:104,17,0,1
BRDA:104,17,1,0
BRF:26
BRH:14
end_of_record
TN:
SF:src/modules/selling/application/controller/validator/sale.filter.validator.ts
FNF:0
FNH:0
DA:1,1
DA:3,1
DA:5,1
LF:3
LH:3
BRF:0
BRH:0
end_of_record
TN:
SF:src/modules/selling/application/di/sale.container.ts
FNF:0
FNH:0
DA:1,1
DA:2,1
DA:4,1
DA:6,1
DA:8,1
DA:10,1
DA:12,1
DA:13,1
DA:14,1
DA:16,1
LF:10
LH:10
BRF:0
BRH:0
end_of_record
TN:
SF:src/modules/selling/data/datasource/sale.datasource.ts
FN:11,(anonymous_9)
FN:23,(anonymous_11)
FNF:2
FNH:0
FNDA:0,(anonymous_9)
FNDA:0,(anonymous_11)
DA:1,1
DA:4,1
DA:5,1
DA:6,1
DA:10,1
DA:16,0
DA:17,0
DA:19,0
DA:23,0
DA:24,0
DA:27,0
DA:32,0
LF:12
LH:5
BRF:0
BRH:0
end_of_record
TN:
SF:src/modules/selling/data/datasource/mapper/sale.mapper.ts
FN:6,(anonymous_1)
FN:20,(anonymous_2)
FNF:2
FNH:2
FNDA:1,(anonymous_1)
FNDA:1,(anonymous_2)
DA:2,2
DA:3,2
DA:7,1
DA:21,1
DA:35,2
DA:36,2
LF:6
LH:6
BRF:0
BRH:0
end_of_record
TN:
SF:src/modules/selling/data/model/companyInformation.schema.ts
FNF:0
FNH:0
DA:2,2
DA:4,2
LF:2
LH:2
BRF:0
BRH:0
end_of_record
TN:
SF:src/modules/selling/data/model/paymentInfomation.schema.ts
FNF:0
FNH:0
DA:6,2
DA:8,2
DA:17,2
DA:31,2
LF:4
LH:4
BRF:0
BRH:0
end_of_record
TN:
SF:src/modules/selling/data/model/sale.schema.ts
FN:28,(anonymous_0)
FN:47,(anonymous_1)
FNF:2
FNH:0
FNDA:0,(anonymous_0)
FNDA:0,(anonymous_1)
DA:1,2
DA:2,2
DA:3,2
DA:4,2
DA:23,2
DA:29,0
DA:30,0
DA:48,0
DA:50,0
DA:85,2
DA:87,2
LF:11
LH:7
BRF:0
BRH:0
end_of_record
TN:
SF:src/modules/selling/data/model/userInformation.schema.ts
FNF:0
FNH:0
DA:2,2
DA:4,2
LF:2
LH:2
BRF:0
BRH:0
end_of_record
TN:
SF:src/modules/selling/data/repository/sale.repository.ts
FN:10,(anonymous_4)
FN:15,(anonymous_5)
FNF:2
FNH:0
FNDA:0,(anonymous_4)
FNDA:0,(anonymous_5)
DA:1,1
DA:5,1
DA:9,1
DA:12,0
DA:20,0
LF:5
LH:3
BRF:0
BRH:0
end_of_record
TN:
SF:src/modules/selling/domain/model/paymentInformation.model.ts
FN:3,(anonymous_0)
FN:14,(anonymous_1)
FNF:2
FNH:2
FNDA:2,(anonymous_0)
FNDA:2,(anonymous_1)
DA:3,2
DA:4,2
DA:5,2
DA:6,2
DA:14,2
DA:15,2
DA:16,2
LF:7
LH:7
BRDA:3,0,0,2
BRDA:3,0,1,2
BRDA:14,1,0,2
BRDA:14,1,1,2
BRF:4
BRH:4
end_of_record
TN:
SF:src/modules/selling/domain/model/paymentType.model.ts
FN:1,(anonymous_0)
FNF:1
FNH:1
FNDA:2,(anonymous_0)
DA:1,2
DA:2,2
DA:3,2
DA:4,2
DA:5,2
LF:5
LH:5
BRDA:1,0,0,2
BRDA:1,0,1,2
BRF:2
BRH:2
end_of_record
TN:
SF:src/modules/selling/domain/model/services.model.ts
FN:1,(anonymous_0)
FNF:1
FNH:1
FNDA:2,(anonymous_0)
DA:1,2
DA:2,2
DA:3,2
DA:4,2
LF:4
LH:4
BRDA:1,0,0,2
BRDA:1,0,1,2
BRF:2
BRH:2
end_of_record
TN:
SF:src/modules/selling/domain/model/status.model.ts
FN:1,(anonymous_0)
FNF:1
FNH:1
FNDA:2,(anonymous_0)
DA:1,2
DA:2,2
DA:3,2
DA:4,2
DA:5,2
DA:6,2
DA:7,2
DA:8,2
DA:9,2
LF:9
LH:9
BRDA:1,0,0,2
BRDA:1,0,1,2
BRF:2
BRH:2
end_of_record
TN:
SF:src/modules/subsidiaries/application/controller/subsidiary.controller.ts
FN:12,(anonymous_12)
FN:17,(anonymous_13)
FN:41,(anonymous_15)
FN:68,(anonymous_17)
FN:95,(anonymous_19)
FN:143,(anonymous_21)
FN:175,(anonymous_23)
FN:204,(anonymous_25)
FNF:8
FNH:6
FNDA:24,(anonymous_12)
FNDA:0,(anonymous_13)
FNDA:4,(anonymous_15)
FNDA:0,(anonymous_17)
FNDA:5,(anonymous_19)
FNDA:6,(anonymous_21)
FNDA:5,(anonymous_23)
FNDA:4,(anonymous_25)
DA:1,1
DA:3,1
DA:6,1
DA:8,1
DA:11,1
DA:14,24
DA:18,0
DA:19,0
DA:20,0
DA:21,0
DA:24,0
DA:25,0
DA:26,0
DA:27,0
DA:31,0
DA:32,0
DA:33,0
DA:35,0
DA:37,0
DA:42,4
DA:43,4
DA:44,0
DA:45,0
DA:48,4
DA:49,4
DA:50,1
DA:51,1
DA:53,3
DA:54,1
DA:55,1
DA:58,2
DA:62,1
DA:64,1
DA:69,0
DA:70,0
DA:71,0
DA:72,0
DA:75,0
DA:76,0
DA:77,0
DA:78,0
DA:80,0
DA:81,0
DA:82,0
DA:85,0
DA:89,0
DA:91,0
DA:96,5
DA:97,5
DA:98,0
DA:99,0
DA:102,5
DA:112,5
DA:113,5
DA:114,1
DA:115,1
DA:118,4
DA:119,1
DA:120,1
DA:122,3
DA:123,3
DA:124,1
DA:125,1
DA:128,2
DA:133,1
DA:134,1
DA:135,1
DA:137,0
DA:139,1
DA:144,6
DA:145,6
DA:146,0
DA:147,0
DA:150,6
DA:160,6
DA:161,6
DA:162,5
DA:163,5
DA:167,1
DA:169,1
DA:171,0
DA:176,5
DA:177,5
DA:178,0
DA:179,0
DA:182,5
DA:183,5
DA:184,1
DA:185,1
DA:188,4
DA:189,1
DA:190,1
DA:194,3
DA:195,2
DA:196,0
DA:198,2
DA:200,1
DA:205,4
DA:206,4
DA:207,0
DA:208,0
DA:211,4
DA:212,4
DA:213,0
DA:214,0
DA:217,4
DA:218,1
DA:219,1
DA:223,3
DA:225,2
DA:226,1
DA:227,1
DA:229,1
DA:231,1
LF:114
LH:72
BRDA:19,0,0,0
BRDA:25,1,0,0
BRDA:32,2,0,0
BRDA:43,3,0,0
BRDA:49,4,0,1
BRDA:53,5,0,1
BRDA:70,6,0,0
BRDA:76,7,0,0
BRDA:80,8,0,0
BRDA:97,9,0,0
BRDA:113,10,0,1
BRDA:118,11,0,1
BRDA:123,12,0,1
BRDA:133,13,0,1
BRDA:145,14,0,0
BRDA:161,15,0,5
BRDA:177,16,0,0
BRDA:183,17,0,1
BRDA:188,18,0,1
BRDA:195,19,0,0
BRDA:206,20,0,0
BRDA:212,21,0,0
BRDA:217,22,0,1
BRDA:225,23,0,1
BRF:24
BRH:11
end_of_record
TN:
SF:src/modules/subsidiaries/application/controller/validator/subsidiary.validator.ts
FN:66,(anonymous_1)
FN:67,(anonymous_2)
FN:68,(anonymous_3)
FN:69,(anonymous_4)
FNF:4
FNH:4
FNDA:5,(anonymous_1)
FNDA:5,(anonymous_2)
FNDA:5,(anonymous_3)
FNDA:5,(anonymous_4)
DA:1,1
DA:2,1
DA:4,1
DA:27,1
DA:35,1
DA:67,5
DA:68,5
DA:69,5
DA:71,5
DA:72,1
DA:75,4
LF:11
LH:11
BRDA:71,0,0,1
BRDA:71,1,0,5
BRDA:71,1,1,5
BRDA:71,1,2,4
BRDA:71,1,3,4
BRF:5
BRH:5
end_of_record
TN:
SF:src/modules/subsidiaries/application/di/subsidiary.container.ts
FNF:0
FNH:0
DA:1,1
DA:2,1
DA:5,1
DA:6,1
DA:8,1
DA:10,1
DA:12,1
DA:15,1
DA:19,1
DA:23,1
LF:10
LH:10
BRF:0
BRH:0
end_of_record
TN:
SF:src/modules/subsidiaries/data/datasource/subsidiary.datasource.ts
FN:12,(anonymous_9)
FN:17,(anonymous_11)
FN:26,(anonymous_12)
FN:32,(anonymous_14)
FN:53,(anonymous_16)
FN:82,(anonymous_18)
FN:111,(anonymous_20)
FN:126,(anonymous_22)
FN:131,(anonymous_24)
FNF:9
FNH:0
FNDA:0,(anonymous_9)
FNDA:0,(anonymous_11)
FNDA:0,(anonymous_12)
FNDA:0,(anonymous_14)
FNDA:0,(anonymous_16)
FNDA:0,(anonymous_18)
FNDA:0,(anonymous_20)
FNDA:0,(anonymous_22)
FNDA:0,(anonymous_24)
DA:1,1
DA:4,1
DA:5,1
DA:6,1
DA:11,1
DA:13,0
DA:14,0
DA:17,0
DA:18,0
DA:21,0
DA:22,0
DA:27,0
DA:28,0
DA:30,0
DA:36,0
DA:37,0
DA:44,0
DA:45,0
DA:47,0
DA:49,0
DA:57,0
DA:58,0
DA:67,0
DA:74,0
DA:75,0
DA:76,0
DA:78,0
DA:86,0
DA:87,0
DA:96,0
DA:103,0
DA:104,0
DA:105,0
DA:107,0
DA:112,0
DA:113,0
DA:116,0
DA:117,0
DA:119,0
DA:121,0
DA:122,0
DA:127,0
DA:128,0
DA:131,0
DA:132,0
DA:135,0
DA:136,0
LF:47
LH:5
BRDA:44,0,0,0
BRDA:74,1,0,0
BRDA:103,2,0,0
BRDA:116,3,0,0
BRF:4
BRH:0
end_of_record
TN:
SF:src/modules/subsidiaries/data/datasource/mapper/subsidiary.mapper.ts
FN:6,(anonymous_1)
FN:47,(anonymous_2)
FNF:2
FNH:2
FNDA:1,(anonymous_1)
FNDA:1,(anonymous_2)
DA:2,2
DA:3,2
DA:7,1
DA:48,1
DA:89,2
DA:90,2
LF:6
LH:6
BRF:0
BRH:0
end_of_record
TN:
SF:src/modules/subsidiaries/data/model/subsidiary.schema.ts
FNF:0
FNH:0
DA:1,2
DA:3,2
DA:47,2
DA:135,2
LF:4
LH:4
BRF:0
BRH:0
end_of_record
TN:
SF:src/modules/subsidiaries/data/repository/subsidiary.repository.ts
FN:9,(anonymous_4)
FN:13,(anonymous_5)
FN:17,(anonymous_6)
FN:21,(anonymous_7)
FN:25,(anonymous_8)
FN:32,(anonymous_9)
FN:39,(anonymous_10)
FN:46,(anonymous_11)
FNF:8
FNH:0
FNDA:0,(anonymous_4)
FNDA:0,(anonymous_5)
FNDA:0,(anonymous_6)
FNDA:0,(anonymous_7)
FNDA:0,(anonymous_8)
FNDA:0,(anonymous_9)
FNDA:0,(anonymous_10)
FNDA:0,(anonymous_11)
DA:1,1
DA:5,1
DA:8,1
DA:11,0
DA:14,0
DA:18,0
DA:22,0
DA:29,0
DA:36,0
DA:43,0
DA:47,0
LF:11
LH:3
BRF:0
BRH:0
end_of_record
TN:
SF:src/modules/subsidiaries/domain/model/paymentMethods.ts
FN:1,(anonymous_0)
FNF:1
FNH:1
FNDA:2,(anonymous_0)
DA:1,2
DA:2,2
DA:3,2
DA:4,2
LF:4
LH:4
BRDA:1,0,0,2
BRDA:1,0,1,2
BRF:2
BRH:2
end_of_record
